
GetKey r2
Load keys
Test unit ready: return value of ioctl indicates success
Read pic: return value of ioctl indicates success
get dec key
  establish session keys:
    do send key: return value of ioctl indicates success
    do report key: return value of ioctl indicates success
    calculate session keys
    do send key: return value of ioctl indicates success
  get data
    do unknown e1:
    unknown e1 cdb: e1005400ebc8e67149ba5632
    return value of ioctl indicates success
    do unknown e0:
    unknown e0 cdb: e0003400bc409a912c87f184
    return value of ioctl indicates success
get_dec_key succeeded!


disc_key = 5d9c0f4bd5bd05c7f12bd672cf9526a9

disc_id = 00000000000000ff00020004XXXXXXXX
PIC:
10020000444901080000200042444f01
11010100000000000027eddf00100000
0027edde000000000000000000000000
00000000000000000000000000000000
00000000000000000000000000000000
00000000000000000000000000000000
00000000000000000000000000000000
00000000000000000000000000000000
00000000

SUCCESS: Everything was correctly dumped.
