
GetKey r2
Load keys
Test unit ready: return value of ioctl indicates success
Read pic: return value of ioctl indicates success
get dec key
  establish session keys:
    do send key: return value of ioctl indicates success
    do report key: return value of ioctl indicates success
    calculate session keys
    do send key: return value of ioctl indicates success
  get data
    do unknown e1:
    unknown e1 cdb: e1005400c4e2a1ebefbc26c2
    return value of ioctl indicates success
    do unknown e0:
    unknown e0 cdb: e0003400f32b2fe57c53ad7d
    return value of ioctl indicates success
get_dec_key succeeded!


disc_key = ac5a6bb824d4ef6cbdaaf704cdc1e009

disc_id = 00000000000000ff00020004XXXXXXXX
PIC:
10020000444901080000200042444f01
1101010000000000007cc4bf00100000
007cc4be000000000000000000000000
00000000000000000000000000000000
00000000000000000000000000000000
00000000000000000000000000000000
00000000000000000000000000000000
00000000000000000000000000000000
00000000

SUCCESS: Everything was correctly dumped.
