
GetKey r2
Load keys
Test unit ready: return value of ioctl indicates success
Read pic: return value of ioctl indicates success
get dec key
  establish session keys:
    do send key: return value of ioctl indicates success
    do report key: return value of ioctl indicates success
    calculate session keys
    do send key: return value of ioctl indicates success
  get data
    do unknown e1:
    unknown e1 cdb: e1005400e9c4ce0dc66db19f
    return value of ioctl indicates success
    do unknown e0:
    unknown e0 cdb: e0003400f7b185d148d97a50
    return value of ioctl indicates success
get_dec_key succeeded!


disc_key = 5509cddf8cb5373f0b1fa3654dbf7bdc

disc_id = 00000000000000ff00020004XXXXXXXX
PIC:
10020000444901080000200042444f01
110101000000000000c4dbff00100000
00c4dbfe000000000000000000000000
00000000000000000000000000000000
00000000000000000000000000000000
00000000000000000000000000000000
00000000000000000000000000000000
00000000000000000000000000000000
00000000

SUCCESS: Everything was correctly dumped.
