
GetKey r2
Load keys
Test unit ready: return value of ioctl indicates success
Read pic: return value of ioctl indicates success
get dec key
  establish session keys:
    do send key: return value of ioctl indicates success
    do report key: return value of ioctl indicates success
    calculate session keys
    do send key: return value of ioctl indicates success
  get data
    do unknown e1:
    unknown e1 cdb: e10054002264bb1f739970bc
    return value of ioctl indicates success
    do unknown e0:
    unknown e0 cdb: e00034008bf0b927861ff9d7
    return value of ioctl indicates success
get_dec_key succeeded!


disc_key = 9cdc4ca0a4627fe0ca71ad7259920df7

disc_id = 00000000000000ff00020003XXXXXXXX
PIC:
10020000444901080000200042444f01
1101010000000000007db2bf00100000
007db2be000000000000000000000000
00000000000000000000000000000000
00000000000000000000000000000000
00000000000000000000000000000000
00000000000000000000000000000000
00000000000000000000000000000000
00000000

SUCCESS: Everything was correctly dumped.
