
GetKey r2
Load keys
Test unit ready: return value of ioctl indicates success
Read pic: return value of ioctl indicates success
get dec key
  establish session keys:
    do send key: return value of ioctl indicates success
    do report key: return value of ioctl indicates success
    calculate session keys
    do send key: return value of ioctl indicates success
  get data
    do unknown e1:
    unknown e1 cdb: e100540044816d3f1212f2b1
    return value of ioctl indicates success
    do unknown e0:
    unknown e0 cdb: e00034006f90363a3934e37a
    return value of ioctl indicates success
get_dec_key succeeded!


disc_key = 279f8e2ecd42cfbf757b221d140b9de4

disc_id = 00000000000000ff0002000000000000
PIC:
10020000444901100000200042444f01
21010300000000000177e2df00100000
00ca73fe000000000000000000000000
00000000000000000000000000000000
00000000444901110001200042444f01
21010300000000000177e2df01358c00
01effffe000000000000000000000000
00000000000000000000000000000000
00000000

SUCCESS: Everything was correctly dumped.
