
GetKey r2
Load keys
Test unit ready: return value of ioctl indicates success
Read pic: return value of ioctl indicates success
get dec key
  establish session keys:
    do send key: return value of ioctl indicates success
    do report key: return value of ioctl indicates success
    calculate session keys
    do send key: return value of ioctl indicates success
  get data
    do unknown e1:
    unknown e1 cdb: e100540044a5f0551849ec86
    return value of ioctl indicates success
    do unknown e0:
    unknown e0 cdb: e0003400adbb92e8f66479eb
    return value of ioctl indicates success
get_dec_key succeeded!


disc_key = 8566903154e45a7069857c1a149838ad

disc_id = 00000000000000ff00020004XXXXXXXX
PIC:
10020000444901080000200042444f01
1101010000000000003cdadf00100000
003cdade000000000000000000000000
00000000000000000000000000000000
00000000000000000000000000000000
00000000000000000000000000000000
00000000000000000000000000000000
00000000000000000000000000000000
00000000

SUCCESS: Everything was correctly dumped.
