
GetKey r2
Load keys
Test unit ready: return value of ioctl indicates success
Read pic: return value of ioctl indicates success
get dec key
  establish session keys:
    do send key: return value of ioctl indicates success
    do report key: return value of ioctl indicates success
    calculate session keys
    do send key: return value of ioctl indicates success
  get data
    do unknown e1:
    unknown e1 cdb: e1005400e9b9d15f571b1371
    return value of ioctl indicates success
    do unknown e0:
    unknown e0 cdb: e0003400f5ca5d9a97e0e9e7
    return value of ioctl indicates success
get_dec_key succeeded!


disc_key = 81cf510ab0b899e18366ffd75a7bc983

disc_id = 00000000000000ff00020004XXXXXXXX
PIC:
10020000444901080000200042444f01
11010100000000000072215f00100000
0072215e000000000000000000000000
00000000000000000000000000000000
00000000000000000000000000000000
00000000000000000000000000000000
00000000000000000000000000000000
00000000000000000000000000000000
00000000

SUCCESS: Everything was correctly dumped.
