
GetKey r2
Load keys
Test unit ready: return value of ioctl indicates success
Read pic: return value of ioctl indicates success
get dec key
  establish session keys:
    do send key: return value of ioctl indicates success
    do report key: return value of ioctl indicates success
    calculate session keys
    do send key: return value of ioctl indicates success
  get data
    do unknown e1:
    unknown e1 cdb: e100540030c3f1ad89b9cafa
    return value of ioctl indicates success
    do unknown e0:
    unknown e0 cdb: e0003400bcf79e8f38795612
    return value of ioctl indicates success
get_dec_key succeeded!


disc_key = 8c963c18b4a5a838d9095cbe5a4369ea

disc_id = 00000000000000ff00020004XXXXXXXX
PIC:
10020000444901080000200042444f01
1101010000000000004df29f00100000
004df29e000000000000000000000000
00000000000000000000000000000000
00000000000000000000000000000000
00000000000000000000000000000000
00000000000000000000000000000000
00000000000000000000000000000000
00000000

SUCCESS: Everything was correctly dumped.
