
GetKey r2
Load keys
Test unit ready: return value of ioctl indicates success
Read pic: return value of ioctl indicates success
get dec key
  establish session keys:
    do send key: return value of ioctl indicates success
    do report key: return value of ioctl indicates success
    calculate session keys
    do send key: return value of ioctl indicates success
  get data
    do unknown e1:
    unknown e1 cdb: e1005400ac9e3b3a20d62dc2
    return value of ioctl indicates success
    do unknown e0:
    unknown e0 cdb: e00034003e6927bd0eb74562
    return value of ioctl indicates success
get_dec_key succeeded!


disc_key = 92b5ff5ac70547cb9a3c4da7a83c3f33

disc_id = 00000000000000ff00020004XXXXXXXX
PIC:
10020000444901080000200042444f01
1101010000000000002d42bf00100000
002d42be000000000000000000000000
00000000000000000000000000000000
00000000000000000000000000000000
00000000000000000000000000000000
00000000000000000000000000000000
00000000000000000000000000000000
00000000

SUCCESS: Everything was correctly dumped.
