
GetKey r2
Load keys
Test unit ready: return value of ioctl indicates success
Read pic: return value of ioctl indicates success
get dec key
  establish session keys:
    do send key: return value of ioctl indicates success
    do report key: return value of ioctl indicates success
    calculate session keys
    do send key: return value of ioctl indicates success
  get data
    do unknown e1:
    unknown e1 cdb: e10054008bd7f019f51df520
    return value of ioctl indicates success
    do unknown e0:
    unknown e0 cdb: e00034008bb4e15ab1da1f1b
    return value of ioctl indicates success
get_dec_key succeeded!


disc_key = 3fe7cc8d21057316f51b2c655418ffbe

disc_id = 00000000000000ff00020004XXXXXXXX
PIC:
10020000444901080000200042444f01
110101000000000000a16d1f00100000
00a16d1e000000000000000000000000
00000000000000000000000000000000
00000000000000000000000000000000
00000000000000000000000000000000
00000000000000000000000000000000
00000000000000000000000000000000
00000000

SUCCESS: Everything was correctly dumped.
