
GetKey r2
Load keys
Test unit ready: return value of ioctl indicates success
Read pic: return value of ioctl indicates success
get dec key
  establish session keys:
    do send key: return value of ioctl indicates success
    do report key: return value of ioctl indicates success
    calculate session keys
    do send key: return value of ioctl indicates success
  get data
    do unknown e1:
    unknown e1 cdb: e1005400813022553ca935c9
    return value of ioctl indicates success
    do unknown e0:
    unknown e0 cdb: e000340090a6fd375e246d69
    return value of ioctl indicates success
get_dec_key succeeded!


disc_key = 51ed72e1487bd0d5aa21c2e74acab8fa

disc_id = 00000000000000ff00020004XXXXXXXX
PIC:
10020000444901080000200042444f01
11010100000000000032a1df00100000
0032a1de000000000000000000000000
00000000000000000000000000000000
00000000000000000000000000000000
00000000000000000000000000000000
00000000000000000000000000000000
00000000000000000000000000000000
00000000

SUCCESS: Everything was correctly dumped.
