
GetKey r2
Load keys
Test unit ready: return value of ioctl indicates success
Read pic: return value of ioctl indicates success
get dec key
  establish session keys:
    do send key: return value of ioctl indicates success
    do report key: return value of ioctl indicates success
    calculate session keys
    do send key: return value of ioctl indicates success
  get data
    do unknown e1:
    unknown e1 cdb: e10054003e4718a16e1d6c65
    return value of ioctl indicates success
    do unknown e0:
    unknown e0 cdb: e00034008bc9e0930a79b1a8
    return value of ioctl indicates success
get_dec_key succeeded!


disc_key = e8ee01b1ed7ed89d40a0413eb7c50502

disc_id = 00000000000000ff00020004XXXXXXXX
PIC:
10020000444901080000200042444f01
11010100000000000020885f00100000
0020885e000000000000000000000000
00000000000000000000000000000000
00000000000000000000000000000000
00000000000000000000000000000000
00000000000000000000000000000000
00000000000000000000000000000000
00000000

SUCCESS: Everything was correctly dumped.
