
GetKey r2
Load keys
Test unit ready: return value of ioctl indicates success
Read pic: return value of ioctl indicates success
get dec key
  establish session keys:
    do send key: return value of ioctl indicates success
    do report key: return value of ioctl indicates success
    calculate session keys
    do send key: return value of ioctl indicates success
  get data
    do unknown e1:
    unknown e1 cdb: e10054002d93e8b13e1fe3fe
    return value of ioctl indicates success
    do unknown e0:
    unknown e0 cdb: e0003400ebff38f3b153e194
    return value of ioctl indicates success
get_dec_key succeeded!


disc_key = 402ae7b48bb770b942f3ae4f0d55e953

disc_id = 00000000000000ff00020004XXXXXXXX
PIC:
10020000444901080000200042444f01
11010100000000000031a51f00100000
0031a51e000000000000000000000000
00000000000000000000000000000000
00000000000000000000000000000000
00000000000000000000000000000000
00000000000000000000000000000000
00000000000000000000000000000000
00000000

SUCCESS: Everything was correctly dumped.
