
GetKey r2
Load keys
Test unit ready: return value of ioctl indicates success
Read pic: return value of ioctl indicates success
get dec key
  establish session keys:
    do send key: return value of ioctl indicates success
    do report key: return value of ioctl indicates success
    calculate session keys
    do send key: return value of ioctl indicates success
  get data
    do unknown e1:
    unknown e1 cdb: e100540002fb9519a64f2b82
    return value of ioctl indicates success
    do unknown e0:
    unknown e0 cdb: e00034006f5c3428a8f43ec7
    return value of ioctl indicates success
get_dec_key succeeded!


disc_key = 19d63f63b190b40f83e6df73f30a66f3

disc_id = 00000000000000ff00020004XXXXXXXX
PIC:
10020000444901080000200042444f01
1101010000000000006ea17f00100000
006ea17e000000000000000000000000
00000000000000000000000000000000
00000000000000000000000000000000
00000000000000000000000000000000
00000000000000000000000000000000
00000000000000000000000000000000
00000000

SUCCESS: Everything was correctly dumped.
