
GetKey r2
Load keys
Test unit ready: return value of ioctl indicates success
Read pic: return value of ioctl indicates success
get dec key
  establish session keys:
    do send key: return value of ioctl indicates success
    do report key: return value of ioctl indicates success
    calculate session keys
    do send key: return value of ioctl indicates success
  get data
    do unknown e1:
    unknown e1 cdb: e1005400f1120663ef5ee819
    return value of ioctl indicates success
    do unknown e0:
    unknown e0 cdb: e0003400017bc59af505a295
    return value of ioctl indicates success
get_dec_key succeeded!


disc_key = c25dd99c8a18c15ef54bdc0bb9c4ffeb

disc_id = 00000000000000ff00020004XXXXXXXX
PIC:
10020000444901080000200042444f01
110101000000000000ac6c3f00100000
00ac6c3e000000000000000000000000
00000000000000000000000000000000
00000000000000000000000000000000
00000000000000000000000000000000
00000000000000000000000000000000
00000000000000000000000000000000
00000000

SUCCESS: Everything was correctly dumped.
