
GetKey r2
Load keys
Test unit ready: return value of ioctl indicates success
Read pic: return value of ioctl indicates success
get dec key
  establish session keys:
    do send key: return value of ioctl indicates success
    do report key: return value of ioctl indicates success
    calculate session keys
    do send key: return value of ioctl indicates success
  get data
    do unknown e1:
    unknown e1 cdb: e1005400c1d4652929bf6e0c
    return value of ioctl indicates success
    do unknown e0:
    unknown e0 cdb: e00034006ba3991d38c1c79f
    return value of ioctl indicates success
get_dec_key succeeded!


disc_key = def8560a2440a3c49a53f92d935d5f9b

disc_id = 00000000000000ff00020004XXXXXXXX
PIC:
10020000444901080000200042444f01
1101010000000000003dcf1f00100000
003dcf1e000000000000000000000000
00000000000000000000000000000000
00000000000000000000000000000000
00000000000000000000000000000000
00000000000000000000000000000000
00000000000000000000000000000000
00000000

SUCCESS: Everything was correctly dumped.
