
GetKey r2
Load keys
Test unit ready: return value of ioctl indicates success
Read pic: return value of ioctl indicates success
get dec key
  establish session keys:
    do send key: return value of ioctl indicates success
    do report key: return value of ioctl indicates success
    calculate session keys
    do send key: return value of ioctl indicates success
  get data
    do unknown e1:
    unknown e1 cdb: e10054005ec27e50e98e16d6
    return value of ioctl indicates success
    do unknown e0:
    unknown e0 cdb: e0003400343f92a9b0b13f75
    return value of ioctl indicates success
get_dec_key succeeded!


disc_key = 58923c0d2d922bc41117dc8da8256f4d

disc_id = 00000000000000ff00020004XXXXXXXX
PIC:
10020000444901080000200042444f01
1101010000000000004fc79f00100000
004fc79e000000000000000000000000
00000000000000000000000000000000
00000000000000000000000000000000
00000000000000000000000000000000
00000000000000000000000000000000
00000000000000000000000000000000
00000000

SUCCESS: Everything was correctly dumped.
