
GetKey r2
Load keys
Test unit ready: return value of ioctl indicates success
Read pic: return value of ioctl indicates success
get dec key
  establish session keys:
    do send key: return value of ioctl indicates success
    do report key: return value of ioctl indicates success
    calculate session keys
    do send key: return value of ioctl indicates success
  get data
    do unknown e1:
    unknown e1 cdb: e100540028a7a7144d6ccbee
    return value of ioctl indicates success
    do unknown e0:
    unknown e0 cdb: e0003400a8fbb6f4e070153d
    return value of ioctl indicates success
get_dec_key succeeded!


disc_key = b0aa8ba18d494bf0ff982f9f68717bad

disc_id = 00000000000000ff00020004XXXXXXXX
PIC:
10020000444901080000200042444f01
1101010000000000001a409f00100000
001a409e000000000000000000000000
00000000000000000000000000000000
00000000000000000000000000000000
00000000000000000000000000000000
00000000000000000000000000000000
00000000000000000000000000000000
00000000

SUCCESS: Everything was correctly dumped.
