
GetKey r2
Load keys
Test unit ready: return value of ioctl indicates success
Read pic: return value of ioctl indicates success
get dec key
  establish session keys:
    do send key: return value of ioctl indicates success
    do report key: return value of ioctl indicates success
    calculate session keys
    do send key: return value of ioctl indicates success
  get data
    do unknown e1:
    unknown e1 cdb: e1005400e81034b67f60695c
    return value of ioctl indicates success
    do unknown e0:
    unknown e0 cdb: e00034003c875e3a31ddec2f
    return value of ioctl indicates success
get_dec_key succeeded!


disc_key = f5998ac0c8fd0a5ae8413d47a9ee3aae

disc_id = 00000000000000ff00020004XXXXXXXX
PIC:
10020000444901080000200042444f01
11010100000000000020c43f00100000
0020c43e000000000000000000000000
00000000000000000000000000000000
00000000000000000000000000000000
00000000000000000000000000000000
00000000000000000000000000000000
00000000000000000000000000000000
00000000

SUCCESS: Everything was correctly dumped.
