
GetKey r2
Load keys
Test unit ready: return value of ioctl indicates success
Read pic: return value of ioctl indicates success
get dec key
  establish session keys:
    do send key: return value of ioctl indicates success
    do report key: return value of ioctl indicates success
    calculate session keys
    do send key: return value of ioctl indicates success
  get data
    do unknown e1:
    unknown e1 cdb: e1005400bba1d79cea391956
    return value of ioctl indicates success
    do unknown e0:
    unknown e0 cdb: e0003400a344dbda03d7331d
    return value of ioctl indicates success
get_dec_key succeeded!


disc_key = 11118946fe2e0c599f6c165e217a2fb4

disc_id = 00000000000000ff00020004XXXXXXXX
PIC:
10020000444901080000200042444f01
110101000000000000703f3f00100000
00703f3e000000000000000000000000
00000000000000000000000000000000
00000000000000000000000000000000
00000000000000000000000000000000
00000000000000000000000000000000
00000000000000000000000000000000
00000000

SUCCESS: Everything was correctly dumped.
