
GetKey r2
Load keys
Test unit ready: return value of ioctl indicates success
Read pic: return value of ioctl indicates success
get dec key
  establish session keys:
    do send key: return value of ioctl indicates success
    do report key: return value of ioctl indicates success
    calculate session keys
    do send key: return value of ioctl indicates success
  get data
    do unknown e1:
    unknown e1 cdb: e10054005b4092b31d501172
    return value of ioctl indicates success
    do unknown e0:
    unknown e0 cdb: e0003400fdf7588917cbbffa
    return value of ioctl indicates success
get_dec_key succeeded!


disc_key = b9628eab136dd63f910ad2b628f3013d

disc_id = 00000000000000ff00020003XXXXXXXX
PIC:
10020000444901080000200042444f01
1101010000000000004723df00100000
004723de000000000000000000000000
00000000000000000000000000000000
00000000000000000000000000000000
00000000000000000000000000000000
00000000000000000000000000000000
00000000000000000000000000000000
00000000

SUCCESS: Everything was correctly dumped.
