
GetKey r2
Load keys
Test unit ready: return value of ioctl indicates success
Read pic: return value of ioctl indicates success
get dec key
  establish session keys:
    do send key: return value of ioctl indicates success
    do report key: return value of ioctl indicates success
    calculate session keys
    do send key: return value of ioctl indicates success
  get data
    do unknown e1:
    unknown e1 cdb: e1005400bbcc92fd10ff54ff
    return value of ioctl indicates success
    do unknown e0:
    unknown e0 cdb: e0003400a5e54cf73d2bdb2b
    return value of ioctl indicates success
get_dec_key succeeded!


disc_key = fd2882a99fff46ad998838ef9e054390

disc_id = 00000000000000ff00020004XXXXXXXX
PIC:
10020000444901080000200042444f01
11010100000000000038f2ff00100000
0038f2fe000000000000000000000000
00000000000000000000000000000000
00000000000000000000000000000000
00000000000000000000000000000000
00000000000000000000000000000000
00000000000000000000000000000000
00000000

SUCCESS: Everything was correctly dumped.
