
GetKey r2
Load keys
Test unit ready: return value of ioctl indicates success
Read pic: return value of ioctl indicates success
get dec key
  establish session keys:
    do send key: return value of ioctl indicates success
    do report key: return value of ioctl indicates success
    calculate session keys
    do send key: return value of ioctl indicates success
  get data
    do unknown e1:
    unknown e1 cdb: e100540089f02b8ac093f13b
    return value of ioctl indicates success
    do unknown e0:
    unknown e0 cdb: e0003400eca60dc0d36210fb
    return value of ioctl indicates success
get_dec_key succeeded!


disc_key = 556416cfc03f317679e8e6f85c923c62

disc_id = 00000000000000ff00020001XXXXXXXX
PIC:
10020000444901080000200042444f01
11010100000000000017e81f00100000
0017e81e000000000000000000000000
00000000000000000000000000000000
00000000000000000000000000000000
00000000000000000000000000000000
00000000000000000000000000000000
00000000000000000000000000000000
00000000

SUCCESS: Everything was correctly dumped.
