
GetKey r2
Load keys
Test unit ready: return value of ioctl indicates success
Read pic: return value of ioctl indicates success
get dec key
  establish session keys:
    do send key: return value of ioctl indicates success
    do report key: return value of ioctl indicates success
    calculate session keys
    do send key: return value of ioctl indicates success
  get data
    do unknown e1:
    unknown e1 cdb: e1005400635eb87bc8e4cdff
    return value of ioctl indicates success
    do unknown e0:
    unknown e0 cdb: e0003400b208f8cb8e2fa63a
    return value of ioctl indicates success
get_dec_key succeeded!


disc_key = bb499094de1a1dd079a5b7d8b827ec39

disc_id = 00000000000000ff00020004XXXXXXXX
PIC:
10020000444901080000200042444f01
1101010000000000003f481f00100000
003f481e000000000000000000000000
00000000000000000000000000000000
00000000000000000000000000000000
00000000000000000000000000000000
00000000000000000000000000000000
00000000000000000000000000000000
00000000

SUCCESS: Everything was correctly dumped.
