
GetKey r2
Load keys
Test unit ready: return value of ioctl indicates success
Read pic: return value of ioctl indicates success
get dec key
  establish session keys:
    do send key: return value of ioctl indicates success
    do report key: return value of ioctl indicates success
    calculate session keys
    do send key: return value of ioctl indicates success
  get data
    do unknown e1:
    unknown e1 cdb: e100540068891854977850bb
    return value of ioctl indicates success
    do unknown e0:
    unknown e0 cdb: e00034009a1fc0a4aa3d1d1a
    return value of ioctl indicates success
get_dec_key succeeded!


disc_key = e8c3a375898a6d5f0e4480bc7695a565

disc_id = 00000000000000ff00020004XXXXXXXX
PIC:
10020000444901080000200042444f01
11010100000000000032ea1f00100000
0032ea1e000000000000000000000000
00000000000000000000000000000000
00000000000000000000000000000000
00000000000000000000000000000000
00000000000000000000000000000000
00000000000000000000000000000000
00000000

SUCCESS: Everything was correctly dumped.
