
GetKey r2
Load keys
Test unit ready: return value of ioctl indicates success
Read pic: return value of ioctl indicates success
get dec key
  establish session keys:
    do send key: return value of ioctl indicates success
    do report key: return value of ioctl indicates success
    calculate session keys
    do send key: return value of ioctl indicates success
  get data
    do unknown e1:
    unknown e1 cdb: e1005400711971d0cb7f62a2
    return value of ioctl indicates success
    do unknown e0:
    unknown e0 cdb: e000340096f3525ad1e26d3d
    return value of ioctl indicates success
get_dec_key succeeded!


disc_key = 4f60e763ed870444a07de963dbe23e8b

disc_id = 00000000000000ff00020004XXXXXXXX
PIC:
10020000444901080000200042444f01
110101000000000000c3f8bf00100000
00c3f8be000000000000000000000000
00000000000000000000000000000000
00000000000000000000000000000000
00000000000000000000000000000000
00000000000000000000000000000000
00000000000000000000000000000000
00000000

SUCCESS: Everything was correctly dumped.
