
GetKey r2
Load keys
Test unit ready: return value of ioctl indicates success
Read pic: return value of ioctl indicates success
get dec key
  establish session keys:
    do send key: return value of ioctl indicates success
    do report key: return value of ioctl indicates success
    calculate session keys
    do send key: return value of ioctl indicates success
  get data
    do unknown e1:
    unknown e1 cdb: e10054003fa328cfb0d70a78
    return value of ioctl indicates success
    do unknown e0:
    unknown e0 cdb: e00034008c452d5202a45013
    return value of ioctl indicates success
get_dec_key succeeded!


disc_key = a21ac3a1323d94c3d106b55f2d7fa9f1

disc_id = 00000000000000ff00020004XXXXXXXX
PIC:
10020000444901080000200042444f01
11010100000000000034eb3f00100000
0034eb3e000000000000000000000000
00000000000000000000000000000000
00000000000000000000000000000000
00000000000000000000000000000000
00000000000000000000000000000000
00000000000000000000000000000000
00000000

SUCCESS: Everything was correctly dumped.
