
GetKey r2
Load keys
Test unit ready: return value of ioctl indicates success
Read pic: return value of ioctl indicates success
get dec key
  establish session keys:
    do send key: return value of ioctl indicates success
    do report key: return value of ioctl indicates success
    calculate session keys
    do send key: return value of ioctl indicates success
  get data
    do unknown e1:
    unknown e1 cdb: e1005400288b3bf1b1e8d8af
    return value of ioctl indicates success
    do unknown e0:
    unknown e0 cdb: e0003400ea316730691b7fb2
    return value of ioctl indicates success
get_dec_key succeeded!


disc_key = ae5ae3b8f9b85f5eb6b24bedabee97c1

disc_id = 00000000000000ff00020004XXXXXXXX
PIC:
10020000444901080000200042444f01
1101010000000000003a209f00100000
003a209e000000000000000000000000
00000000000000000000000000000000
00000000000000000000000000000000
00000000000000000000000000000000
00000000000000000000000000000000
00000000000000000000000000000000
00000000

SUCCESS: Everything was correctly dumped.
