
GetKey r2
Load keys
Test unit ready: return value of ioctl indicates success
Read pic: return value of ioctl indicates success
get dec key
  establish session keys:
    do send key: return value of ioctl indicates success
    do report key: return value of ioctl indicates success
    calculate session keys
    do send key: return value of ioctl indicates success
  get data
    do unknown e1:
    unknown e1 cdb: e1005400ce25f253233d6e9e
    return value of ioctl indicates success
    do unknown e0:
    unknown e0 cdb: e000340092e19fa4adcebf9a
    return value of ioctl indicates success
get_dec_key succeeded!


disc_key = dd722ba5656cc89e23d95179ed9ec62e

disc_id = 00000000000000ff00020004XXXXXXXX
PIC:
10020000444901080000200042444f01
1101010000000000001dc03f00100000
001dc03e000000000000000000000000
00000000000000000000000000000000
00000000000000000000000000000000
00000000000000000000000000000000
00000000000000000000000000000000
00000000000000000000000000000000
00000000

SUCCESS: Everything was correctly dumped.
