
GetKey r2
Load keys
Test unit ready: return value of ioctl indicates success
Read pic: return value of ioctl indicates success
get dec key
  establish session keys:
    do send key: return value of ioctl indicates success
    do report key: return value of ioctl indicates success
    calculate session keys
    do send key: return value of ioctl indicates success
  get data
    do unknown e1:
    unknown e1 cdb: e10054006f10c674fb4a5fcb
    return value of ioctl indicates success
    do unknown e0:
    unknown e0 cdb: e0003400f2e8a77f7f757e0d
    return value of ioctl indicates success
get_dec_key succeeded!


disc_key = d1c543e4323ab37d0a2de2b16dffcefe

disc_id = 00000000000000ff00020004XXXXXXXX
PIC:
10020000444901080000200042444f01
11010100000000000020ec3f00100000
0020ec3e000000000000000000000000
00000000000000000000000000000000
00000000000000000000000000000000
00000000000000000000000000000000
00000000000000000000000000000000
00000000000000000000000000000000
00000000

SUCCESS: Everything was correctly dumped.
