
GetKey r2
Load keys
Test unit ready: return value of ioctl indicates success
Read pic: return value of ioctl indicates success
get dec key
  establish session keys:
    do send key: return value of ioctl indicates success
    do report key: return value of ioctl indicates success
    calculate session keys
    do send key: return value of ioctl indicates success
  get data
    do unknown e1:
    unknown e1 cdb: e100540074dd5cb50f25d85c
    return value of ioctl indicates success
    do unknown e0:
    unknown e0 cdb: e00034008a1a66b17f3d2e24
    return value of ioctl indicates success
get_dec_key succeeded!


disc_key = 48da07fa978d1ee5f98cafd97744eaff

disc_id = 00000000000000ff00020004XXXXXXXX
PIC:
10020000444901080000200042444f01
11010100000000000032cdbf00100000
0032cdbe000000000000000000000000
00000000000000000000000000000000
00000000000000000000000000000000
00000000000000000000000000000000
00000000000000000000000000000000
00000000000000000000000000000000
00000000

SUCCESS: Everything was correctly dumped.
