
GetKey r2
Load keys
Test unit ready: return value of ioctl indicates success
Read pic: return value of ioctl indicates success
get dec key
  establish session keys:
    do send key: return value of ioctl indicates success
    do report key: return value of ioctl indicates success
    calculate session keys
    do send key: return value of ioctl indicates success
  get data
    do unknown e1:
    unknown e1 cdb: e1005400575d5782801434e5
    return value of ioctl indicates success
    do unknown e0:
    unknown e0 cdb: e0003400a825c084f26c365a
    return value of ioctl indicates success
get_dec_key succeeded!


disc_key = 594873a9d714c3a0f6993d2f0ef0c701

disc_id = 00000000000000ff00020003XXXXXXXX
PIC:
10020000444901080000200042444f01
110101000000000000489b7f00100000
00489b7e000000000000000000000000
00000000000000000000000000000000
00000000000000000000000000000000
00000000000000000000000000000000
00000000000000000000000000000000
00000000000000000000000000000000
00000000

SUCCESS: Everything was correctly dumped.
