
GetKey r2
Load keys
Test unit ready: return value of ioctl indicates success
Read pic: return value of ioctl indicates success
get dec key
  establish session keys:
    do send key: return value of ioctl indicates success
    do report key: return value of ioctl indicates success
    calculate session keys
    do send key: return value of ioctl indicates success
  get data
    do unknown e1:
    unknown e1 cdb: e1005400117e3d127dbd6a99
    return value of ioctl indicates success
    do unknown e0:
    unknown e0 cdb: e000340092b3966d0250591b
    return value of ioctl indicates success
get_dec_key succeeded!


disc_key = db5a683b50787430eb69fef8f37b5acd

disc_id = 00000000000000ff00020004XXXXXXXX
PIC:
10020000444901080000200042444f01
110101000000000000499bdf00100000
00499bde000000000000000000000000
00000000000000000000000000000000
00000000000000000000000000000000
00000000000000000000000000000000
00000000000000000000000000000000
00000000000000000000000000000000
00000000

SUCCESS: Everything was correctly dumped.
