
GetKey r2
Load keys
Test unit ready: return value of ioctl indicates success
Read pic: return value of ioctl indicates success
get dec key
  establish session keys:
    do send key: return value of ioctl indicates success
    do report key: return value of ioctl indicates success
    calculate session keys
    do send key: return value of ioctl indicates success
  get data
    do unknown e1:
    unknown e1 cdb: e1005400bbc4e22c75360594
    return value of ioctl indicates success
    do unknown e0:
    unknown e0 cdb: e0003400d4af10c6b2436ebb
    return value of ioctl indicates success
get_dec_key succeeded!


disc_key = 35371c6683f2ac8b68ec194af2c0a5f3

disc_id = 00000000000000ff00020001XXXXXXXX
PIC:
10020000444901080000200042444f01
110101000000000000be0a7f00100000
00be0a7e000000000000000000000000
00000000000000000000000000000000
00000000000000000000000000000000
00000000000000000000000000000000
00000000000000000000000000000000
00000000000000000000000000000000
00000000

SUCCESS: Everything was correctly dumped.
