
GetKey r2
Load keys
Test unit ready: return value of ioctl indicates success
Read pic: return value of ioctl indicates success
get dec key
  establish session keys:
    do send key: return value of ioctl indicates success
    do report key: return value of ioctl indicates success
    calculate session keys
    do send key: return value of ioctl indicates success
  get data
    do unknown e1:
    unknown e1 cdb: e1005400b56cde118a32e1ca
    return value of ioctl indicates success
    do unknown e0:
    unknown e0 cdb: e0003400d7f48e42523aa14c
    return value of ioctl indicates success
get_dec_key succeeded!


disc_key = 0dbddb903698dabf9e7cfd315bde96c9

disc_id = 00000000000000ff00020001XXXXXXXX
PIC:
10020000444901080000200042444f01
11010100000000000032a1df00100000
0032a1de000000000000000000000000
00000000000000000000000000000000
00000000000000000000000000000000
00000000000000000000000000000000
00000000000000000000000000000000
00000000000000000000000000000000
00000000

SUCCESS: Everything was correctly dumped.
