
GetKey r2
Load keys
Test unit ready: return value of ioctl indicates success
Read pic: return value of ioctl indicates success
get dec key
  establish session keys:
    do send key: return value of ioctl indicates success
    do report key: return value of ioctl indicates success
    calculate session keys
    do send key: return value of ioctl indicates success
  get data
    do unknown e1:
    unknown e1 cdb: e1005400873baa0d209e06e4
    return value of ioctl indicates success
    do unknown e0:
    unknown e0 cdb: e00034000bc355610a1ec31f
    return value of ioctl indicates success
get_dec_key succeeded!


disc_key = 8a8f3d9242af7589fa988216456ab0f5

disc_id = 00000000000000ff00020004XXXXXXXX
PIC:
10020000444901080000200042444f01
11010100000000000051157f00100000
0051157e000000000000000000000000
00000000000000000000000000000000
00000000000000000000000000000000
00000000000000000000000000000000
00000000000000000000000000000000
00000000000000000000000000000000
00000000

SUCCESS: Everything was correctly dumped.
