
GetKey r2
Load keys
Test unit ready: return value of ioctl indicates success
Read pic: return value of ioctl indicates success
get dec key
  establish session keys:
    do send key: return value of ioctl indicates success
    do report key: return value of ioctl indicates success
    calculate session keys
    do send key: return value of ioctl indicates success
  get data
    do unknown e1:
    unknown e1 cdb: e10054009b611a6e131a159a
    return value of ioctl indicates success
    do unknown e0:
    unknown e0 cdb: e0003400afc8ff1c41b02ad4
    return value of ioctl indicates success
get_dec_key succeeded!


disc_key = 8cd1d7a984c4ee31ea6c9a9aba40cc29

disc_id = 00000000000000ff00020004XXXXXXXX
PIC:
10020000444901080000200042444f01
1101010000000000004b701f00100000
004b701e000000000000000000000000
00000000000000000000000000000000
00000000000000000000000000000000
00000000000000000000000000000000
00000000000000000000000000000000
00000000000000000000000000000000
00000000

SUCCESS: Everything was correctly dumped.
