
GetKey r2
Load keys
Test unit ready: return value of ioctl indicates success
Read pic: return value of ioctl indicates success
get dec key
  establish session keys:
    do send key: return value of ioctl indicates success
    do report key: return value of ioctl indicates success
    calculate session keys
    do send key: return value of ioctl indicates success
  get data
    do unknown e1:
    unknown e1 cdb: e1005400f4cd022894fc1a0a
    return value of ioctl indicates success
    do unknown e0:
    unknown e0 cdb: e0003400c5d4f4e3119f998c
    return value of ioctl indicates success
get_dec_key succeeded!


disc_key = 96cff3b1ff32d70f04cbca2a4ccff621

disc_id = 00000000000000ff00020003XXXXXXXX
PIC:
10020000444901080000200042444f01
110101000000000000367cff00100000
00367cfe000000000000000000000000
00000000000000000000000000000000
00000000000000000000000000000000
00000000000000000000000000000000
00000000000000000000000000000000
00000000000000000000000000000000
00000000

SUCCESS: Everything was correctly dumped.
