
GetKey r2
Load keys
Test unit ready: return value of ioctl indicates success
Read pic: return value of ioctl indicates success
get dec key
  establish session keys:
    do send key: return value of ioctl indicates success
    do report key: return value of ioctl indicates success
    calculate session keys
    do send key: return value of ioctl indicates success
  get data
    do unknown e1:
    unknown e1 cdb: e100540013b98dd70ecfc9d5
    return value of ioctl indicates success
    do unknown e0:
    unknown e0 cdb: e000340047ad8c74adaa1952
    return value of ioctl indicates success
get_dec_key succeeded!


disc_key = 45ca2af453e9830bc32c8e97d127ba7e

disc_id = 00000000000000ff00020004XXXXXXXX
PIC:
10020000444901080000200042444f01
110101000000000000a7297f00100000
00a7297e000000000000000000000000
00000000000000000000000000000000
00000000000000000000000000000000
00000000000000000000000000000000
00000000000000000000000000000000
00000000000000000000000000000000
00000000

SUCCESS: Everything was correctly dumped.
