
GetKey r2
Load keys
Test unit ready: return value of ioctl indicates success
Read pic: return value of ioctl indicates success
get dec key
  establish session keys:
    do send key: return value of ioctl indicates success
    do report key: return value of ioctl indicates success
    calculate session keys
    do send key: return value of ioctl indicates success
  get data
    do unknown e1:
    unknown e1 cdb: e100540043c348f5ad93d571
    return value of ioctl indicates success
    do unknown e0:
    unknown e0 cdb: e00034005bcca2a06b31c7aa
    return value of ioctl indicates success
get_dec_key succeeded!


disc_key = fb2e39b5bd225bc11cbe5e19d62abdb5

disc_id = 00000000000000ff00020004XXXXXXXX
PIC:
10020000444901080000200042444f01
110101000000000000418b1f00100000
00418b1e000000000000000000000000
00000000000000000000000000000000
00000000000000000000000000000000
00000000000000000000000000000000
00000000000000000000000000000000
00000000000000000000000000000000
00000000

SUCCESS: Everything was correctly dumped.
