
GetKey r2
Load keys
Test unit ready: return value of ioctl indicates success
Read pic: return value of ioctl indicates success
get dec key
  establish session keys:
    do send key: return value of ioctl indicates success
    do report key: return value of ioctl indicates success
    calculate session keys
    do send key: return value of ioctl indicates success
  get data
    do unknown e1:
    unknown e1 cdb: e100540037757ea925e00159
    return value of ioctl indicates success
    do unknown e0:
    unknown e0 cdb: e00034001cfc5e40c2905bc6
    return value of ioctl indicates success
get_dec_key succeeded!


disc_key = ae7bffdababb1b4ce686bdd5ff14a76f

disc_id = 00000000000000ff00020004XXXXXXXX
PIC:
10020000444901080000200042444f01
110101000000000000c9aabf00100000
00c9aabe000000000000000000000000
00000000000000000000000000000000
00000000000000000000000000000000
00000000000000000000000000000000
00000000000000000000000000000000
00000000000000000000000000000000
00000000

SUCCESS: Everything was correctly dumped.
