
GetKey r2
Load keys
Test unit ready: return value of ioctl indicates success
Read pic: return value of ioctl indicates success
get dec key
  establish session keys:
    do send key: return value of ioctl indicates success
    do report key: return value of ioctl indicates success
    calculate session keys
    do send key: return value of ioctl indicates success
  get data
    do unknown e1:
    unknown e1 cdb: e1005400d762a9166bc9d31f
    return value of ioctl indicates success
    do unknown e0:
    unknown e0 cdb: e00034007bd5d6d8eddfa41e
    return value of ioctl indicates success
get_dec_key succeeded!


disc_key = 0ef31aa66df6e3029cbdf23a968f9a70

disc_id = 00000000000000ff00020003XXXXXXXX
PIC:
10020000444901080000200042444f01
11010100000000000039a7ff00100000
0039a7fe000000000000000000000000
00000000000000000000000000000000
00000000000000000000000000000000
00000000000000000000000000000000
00000000000000000000000000000000
00000000000000000000000000000000
00000000

SUCCESS: Everything was correctly dumped.
