
GetKey r2
Load keys
Test unit ready: return value of ioctl indicates success
Read pic: return value of ioctl indicates success
get dec key
  establish session keys:
    do send key: return value of ioctl indicates success
    do report key: return value of ioctl indicates success
    calculate session keys
    do send key: return value of ioctl indicates success
  get data
    do unknown e1:
    unknown e1 cdb: e1005400eccb186667f8369b
    return value of ioctl indicates success
    do unknown e0:
    unknown e0 cdb: e0003400b5cab2f5cb9d39c5
    return value of ioctl indicates success
get_dec_key succeeded!


disc_key = 9875d7a597541d39e3c6f1f0f85a865d

disc_id = 00000000000000ff00020004XXXXXXXX
PIC:
10020000444901080000200042444f01
1101010000000000006ab37f00100000
006ab37e000000000000000000000000
00000000000000000000000000000000
00000000000000000000000000000000
00000000000000000000000000000000
00000000000000000000000000000000
00000000000000000000000000000000
00000000

SUCCESS: Everything was correctly dumped.
