
GetKey r2
Load keys
Test unit ready: return value of ioctl indicates success
Read pic: return value of ioctl indicates success
get dec key
  establish session keys:
    do send key: return value of ioctl indicates success
    do report key: return value of ioctl indicates success
    calculate session keys
    do send key: return value of ioctl indicates success
  get data
    do unknown e1:
    unknown e1 cdb: e100540028d84d13ba7a57a2
    return value of ioctl indicates success
    do unknown e0:
    unknown e0 cdb: e0003400dc66c19280dbe24d
    return value of ioctl indicates success
get_dec_key succeeded!


disc_key = aae7ace86a3150a9e4a2df26c4474a5c

disc_id = 00000000000000ff00020004XXXXXXXX
PIC:
10020000444901080000200042444f01
110101000000000000806d3f00100000
00806d3e000000000000000000000000
00000000000000000000000000000000
00000000000000000000000000000000
00000000000000000000000000000000
00000000000000000000000000000000
00000000000000000000000000000000
00000000

SUCCESS: Everything was correctly dumped.
