
GetKey r2
Load keys
Test unit ready: return value of ioctl indicates success
Read pic: return value of ioctl indicates success
get dec key
  establish session keys:
    do send key: return value of ioctl indicates success
    do report key: return value of ioctl indicates success
    calculate session keys
    do send key: return value of ioctl indicates success
  get data
    do unknown e1:
    unknown e1 cdb: e10054004d4917fff81ddbd9
    return value of ioctl indicates success
    do unknown e0:
    unknown e0 cdb: e0003400485d2b5263ae3e0f
    return value of ioctl indicates success
get_dec_key succeeded!


disc_key = cb85b68215a8b9219442b04e9d6a4248

disc_id = 00000000000000ff00020004XXXXXXXX
PIC:
10020000444901080000200042444f01
11010100000000000050f7bf00100000
0050f7be000000000000000000000000
00000000000000000000000000000000
00000000000000000000000000000000
00000000000000000000000000000000
00000000000000000000000000000000
00000000000000000000000000000000
00000000

SUCCESS: Everything was correctly dumped.
