
GetKey r2
Load keys
Test unit ready: return value of ioctl indicates success
Read pic: return value of ioctl indicates success
get dec key
  establish session keys:
    do send key: return value of ioctl indicates success
    do report key: return value of ioctl indicates success
    calculate session keys
    do send key: return value of ioctl indicates success
  get data
    do unknown e1:
    unknown e1 cdb: e10054000f91ef4b748fdc74
    return value of ioctl indicates success
    do unknown e0:
    unknown e0 cdb: e00034006bcb5d3f6945618a
    return value of ioctl indicates success
get_dec_key succeeded!


disc_key = 8965eb50568f74b4a8f710a505c21522

disc_id = 00000000000000ff00020004XXXXXXXX
PIC:
10020000444901080000200042444f01
110101000000000000293ebf00100000
00293ebe000000000000000000000000
00000000000000000000000000000000
00000000000000000000000000000000
00000000000000000000000000000000
00000000000000000000000000000000
00000000000000000000000000000000
00000000

SUCCESS: Everything was correctly dumped.
