
GetKey r2
Load keys
Test unit ready: return value of ioctl indicates success
Read pic: return value of ioctl indicates success
get dec key
  establish session keys:
    do send key: return value of ioctl indicates success
    do report key: return value of ioctl indicates success
    calculate session keys
    do send key: return value of ioctl indicates success
  get data
    do unknown e1:
    unknown e1 cdb: e1005400688d9f4b1e10a2d0
    return value of ioctl indicates success
    do unknown e0:
    unknown e0 cdb: e0003400dcad6935d252381b
    return value of ioctl indicates success
get_dec_key succeeded!


disc_key = cad5105d2323eab1ac9ad77d22c2dc78

disc_id = 00000000000000ff00020004XXXXXXXX
PIC:
10020000444901080000200042444f01
1101010000000000002f7c1f00100000
002f7c1e000000000000000000000000
00000000000000000000000000000000
00000000000000000000000000000000
00000000000000000000000000000000
00000000000000000000000000000000
00000000000000000000000000000000
00000000

SUCCESS: Everything was correctly dumped.
