
GetKey r2
Load keys
Test unit ready: return value of ioctl indicates success
Read pic: return value of ioctl indicates success
get dec key
  establish session keys:
    do send key: return value of ioctl indicates success
    do report key: return value of ioctl indicates success
    calculate session keys
    do send key: return value of ioctl indicates success
  get data
    do unknown e1:
    unknown e1 cdb: e100540053449a41b9b181df
    return value of ioctl indicates success
    do unknown e0:
    unknown e0 cdb: e0003400889aaf8993e3cf8e
    return value of ioctl indicates success
get_dec_key succeeded!


disc_key = 94b3cdcf97ca62d6cc154e4e8f1d43a1

disc_id = 00000000000000ff00020003XXXXXXXX
PIC:
10020000444901080000200042444f01
110101000000000000292bff00100000
00292bfe000000000000000000000000
00000000000000000000000000000000
00000000000000000000000000000000
00000000000000000000000000000000
00000000000000000000000000000000
00000000000000000000000000000000
00000000

SUCCESS: Everything was correctly dumped.
