
GetKey r2
Load keys
Test unit ready: return value of ioctl indicates success
Read pic: return value of ioctl indicates success
get dec key
  establish session keys:
    do send key: return value of ioctl indicates success
    do report key: return value of ioctl indicates success
    calculate session keys
    do send key: return value of ioctl indicates success
  get data
    do unknown e1:
    unknown e1 cdb: e10054001a6d9dbf67d47dfa
    return value of ioctl indicates success
    do unknown e0:
    unknown e0 cdb: e0003400d16fb1b2516d49a0
    return value of ioctl indicates success
get_dec_key succeeded!


disc_key = 597bdd1156e6d1cd72fe3d4ab80f2d3e

disc_id = 00000000000000ff00020004XXXXXXXX
PIC:
10020000444901080000200042444f01
1101010000000000002d2eff00100000
002d2efe000000000000000000000000
00000000000000000000000000000000
00000000000000000000000000000000
00000000000000000000000000000000
00000000000000000000000000000000
00000000000000000000000000000000
00000000

SUCCESS: Everything was correctly dumped.
