
GetKey r2
Load keys
Test unit ready: return value of ioctl indicates success
Read pic: return value of ioctl indicates success
get dec key
  establish session keys:
    do send key: return value of ioctl indicates success
    do report key: return value of ioctl indicates success
    calculate session keys
    do send key: return value of ioctl indicates success
  get data
    do unknown e1:
    unknown e1 cdb: e100540074c54f034db2a3fb
    return value of ioctl indicates success
    do unknown e0:
    unknown e0 cdb: e0003400b8d47d6c1baca43a
    return value of ioctl indicates success
get_dec_key succeeded!


disc_key = b468baf34dbe618fec2f361b5f3e7cfa

disc_id = 00000000000000ff00020001XXXXXXXX
PIC:
10020000444901080000200042444f01
1101010000000000001cebff00100000
001cebfe000000000000000000000000
00000000000000000000000000000000
00000000000000000000000000000000
00000000000000000000000000000000
00000000000000000000000000000000
00000000000000000000000000000000
00000000

SUCCESS: Everything was correctly dumped.
