
GetKey r2
Load keys
Test unit ready: return value of ioctl indicates success
Read pic: return value of ioctl indicates success
get dec key
  establish session keys:
    do send key: return value of ioctl indicates success
    do report key: return value of ioctl indicates success
    calculate session keys
    do send key: return value of ioctl indicates success
  get data
    do unknown e1:
    unknown e1 cdb: e1005400b2a55060cdb36c04
    return value of ioctl indicates success
    do unknown e0:
    unknown e0 cdb: e00034005a240e8f33f8dbd6
    return value of ioctl indicates success
get_dec_key succeeded!


disc_key = ad419e86185fc4aa8f0146e0fe5e32f5

disc_id = 00000000000000ff00020004XXXXXXXX
PIC:
10020000444901080000200042444f01
11010100000000000041699f00100000
0041699e000000000000000000000000
00000000000000000000000000000000
00000000000000000000000000000000
00000000000000000000000000000000
00000000000000000000000000000000
00000000000000000000000000000000
00000000

SUCCESS: Everything was correctly dumped.
