
GetKey r2
Load keys
Test unit ready: return value of ioctl indicates success
Read pic: return value of ioctl indicates success
get dec key
  establish session keys:
    do send key: return value of ioctl indicates success
    do report key: return value of ioctl indicates success
    calculate session keys
    do send key: return value of ioctl indicates success
  get data
    do unknown e1:
    unknown e1 cdb: e10054001c46909cae0b9ab1
    return value of ioctl indicates success
    do unknown e0:
    unknown e0 cdb: e0003400bd9ef7758eb29e8b
    return value of ioctl indicates success
get_dec_key succeeded!


disc_key = c7c2954f5caa4ff6bddbb2d7ef07e1f5

disc_id = 00000000000000ff00020004XXXXXXXX
PIC:
10020000444901080000200042444f01
11010100000000000034425f00100000
0034425e000000000000000000000000
00000000000000000000000000000000
00000000000000000000000000000000
00000000000000000000000000000000
00000000000000000000000000000000
00000000000000000000000000000000
00000000

SUCCESS: Everything was correctly dumped.
