
GetKey r2
Load keys
Test unit ready: return value of ioctl indicates success
Read pic: return value of ioctl indicates success
get dec key
  establish session keys:
    do send key: return value of ioctl indicates success
    do report key: return value of ioctl indicates success
    calculate session keys
    do send key: return value of ioctl indicates success
  get data
    do unknown e1:
    unknown e1 cdb: e10054003e5c15905c138f2a
    return value of ioctl indicates success
    do unknown e0:
    unknown e0 cdb: e00034009a2ba27b0b9c1536
    return value of ioctl indicates success
get_dec_key succeeded!


disc_key = 85c5418eb422bd9440ba7959e6c9a1c5

disc_id = 00000000000000ff00020004XXXXXXXX
PIC:
10020000444901080000200042444f01
11010100000000000036e53f00100000
0036e53e000000000000000000000000
00000000000000000000000000000000
00000000000000000000000000000000
00000000000000000000000000000000
00000000000000000000000000000000
00000000000000000000000000000000
00000000

SUCCESS: Everything was correctly dumped.
