
GetKey r2
Load keys
Test unit ready: return value of ioctl indicates success
Read pic: return value of ioctl indicates success
get dec key
  establish session keys:
    do send key: return value of ioctl indicates success
    do report key: return value of ioctl indicates success
    calculate session keys
    do send key: return value of ioctl indicates success
  get data
    do unknown e1:
    unknown e1 cdb: e10054004f3ae5f6cb18e768
    return value of ioctl indicates success
    do unknown e0:
    unknown e0 cdb: e00034005e196dde2e28c582
    return value of ioctl indicates success
get_dec_key succeeded!


disc_key = 8590b4e8d0f8f0b3cdca1ae1262b9750

disc_id = 00000000000000ff00020004XXXXXXXX
PIC:
10020000444901080000200042444f01
1101010000000000007d6c5f00100000
007d6c5e000000000000000000000000
00000000000000000000000000000000
00000000000000000000000000000000
00000000000000000000000000000000
00000000000000000000000000000000
00000000000000000000000000000000
00000000

SUCCESS: Everything was correctly dumped.
