
GetKey r2
Load keys
Test unit ready: return value of ioctl indicates success
Read pic: return value of ioctl indicates success
get dec key
  establish session keys:
    do send key: return value of ioctl indicates success
    do report key: return value of ioctl indicates success
    calculate session keys
    do send key: return value of ioctl indicates success
  get data
    do unknown e1:
    unknown e1 cdb: e1005400e8031660b7e37355
    return value of ioctl indicates success
    do unknown e0:
    unknown e0 cdb: e0003400154d348a42d1f916
    return value of ioctl indicates success
get_dec_key succeeded!


disc_key = e350964fbb7cd5b97ece52332cc6cee9

disc_id = 00000000000000ff00020001XXXXXXXX
PIC:
10020000444901080000200042444f01
110101000000000000389fff00100000
00389ffe000000000000000000000000
00000000000000000000000000000000
00000000000000000000000000000000
00000000000000000000000000000000
00000000000000000000000000000000
00000000000000000000000000000000
00000000

SUCCESS: Everything was correctly dumped.
