
GetKey r2
Load keys
Test unit ready: return value of ioctl indicates success
Read pic: return value of ioctl indicates success
get dec key
  establish session keys:
    do send key: return value of ioctl indicates success
    do report key: return value of ioctl indicates success
    calculate session keys
    do send key: return value of ioctl indicates success
  get data
    do unknown e1:
    unknown e1 cdb: e1005400a9ba726b0d5aec1b
    return value of ioctl indicates success
    do unknown e0:
    unknown e0 cdb: e00034002f37fc7e69f12dc7
    return value of ioctl indicates success
get_dec_key succeeded!


disc_key = 2f154722b8fbb1c4ba4107f08f234697

disc_id = 00000000000000ff00020001XXXXXXXX
PIC:
10020000444901080000200042444f01
1101010000000000001c399f00100000
001c399e000000000000000000000000
00000000000000000000000000000000
00000000000000000000000000000000
00000000000000000000000000000000
00000000000000000000000000000000
00000000000000000000000000000000
00000000

SUCCESS: Everything was correctly dumped.
