
GetKey r2
Load keys
Test unit ready: return value of ioctl indicates success
Read pic: return value of ioctl indicates success
get dec key
  establish session keys:
    do send key: return value of ioctl indicates success
    do report key: return value of ioctl indicates success
    calculate session keys
    do send key: return value of ioctl indicates success
  get data
    do unknown e1:
    unknown e1 cdb: e1005400d5ad23696aa963a7
    return value of ioctl indicates success
    do unknown e0:
    unknown e0 cdb: e0003400f6a1421ce3a88239
    return value of ioctl indicates success
get_dec_key succeeded!


disc_key = 8bd9203b2c60f74b1c6f49159b0f2e25

disc_id = 00000000000000ff00020004XXXXXXXX
PIC:
10020000444901080000200042444f01
11010100000000000027cabf00100000
0027cabe000000000000000000000000
00000000000000000000000000000000
00000000000000000000000000000000
00000000000000000000000000000000
00000000000000000000000000000000
00000000000000000000000000000000
00000000

SUCCESS: Everything was correctly dumped.
