
GetKey r2
Load keys
Test unit ready: return value of ioctl indicates success
Read pic: return value of ioctl indicates success
get dec key
  establish session keys:
    do send key: return value of ioctl indicates success
    do report key: return value of ioctl indicates success
    calculate session keys
    do send key: return value of ioctl indicates success
  get data
    do unknown e1:
    unknown e1 cdb: e10054000dd939ac4745a985
    return value of ioctl indicates success
    do unknown e0:
    unknown e0 cdb: e0003400f85f9a7941bea58f
    return value of ioctl indicates success
get_dec_key succeeded!


disc_key = 51dd6435a56627f66a8e9d861a47b1bd

disc_id = 00000000000000ff00020004XXXXXXXX
PIC:
10020000444901080000200042444f01
110101000000000000aaa4df00100000
00aaa4de000000000000000000000000
00000000000000000000000000000000
00000000000000000000000000000000
00000000000000000000000000000000
00000000000000000000000000000000
00000000000000000000000000000000
00000000

SUCCESS: Everything was correctly dumped.
