
GetKey r2
Load keys
Test unit ready: return value of ioctl indicates success
Read pic: return value of ioctl indicates success
get dec key
  establish session keys:
    do send key: return value of ioctl indicates success
    do report key: return value of ioctl indicates success
    calculate session keys
    do send key: return value of ioctl indicates success
  get data
    do unknown e1:
    unknown e1 cdb: e10054000ba2b70cf036fab5
    return value of ioctl indicates success
    do unknown e0:
    unknown e0 cdb: e00034007b92a135b926679b
    return value of ioctl indicates success
get_dec_key succeeded!


disc_key = 2b77d7e370f2d69d0c041f3ea20b1d45

disc_id = 00000000000000ff00020004XXXXXXXX
PIC:
10020000444901080000200042444f01
110101000000000000c4d25f00100000
00c4d25e000000000000000000000000
00000000000000000000000000000000
00000000000000000000000000000000
00000000000000000000000000000000
00000000000000000000000000000000
00000000000000000000000000000000
00000000

SUCCESS: Everything was correctly dumped.
