
GetKey r2
Load keys
Test unit ready: return value of ioctl indicates success
Read pic: return value of ioctl indicates success
get dec key
  establish session keys:
    do send key: return value of ioctl indicates success
    do report key: return value of ioctl indicates success
    calculate session keys
    do send key: return value of ioctl indicates success
  get data
    do unknown e1:
    unknown e1 cdb: e10054005986cad9438086de
    return value of ioctl indicates success
    do unknown e0:
    unknown e0 cdb: e00034000ed3df5ff47117c1
    return value of ioctl indicates success
get_dec_key succeeded!


disc_key = fbdc6c44786e37eed9e8b4b134dcbcf7

disc_id = 00000000000000ff00020004XXXXXXXX
PIC:
10020000444901080000200042444f01
1101010000000000004ca35f00100000
004ca35e000000000000000000000000
00000000000000000000000000000000
00000000000000000000000000000000
00000000000000000000000000000000
00000000000000000000000000000000
00000000000000000000000000000000
00000000

SUCCESS: Everything was correctly dumped.
