
GetKey r2
Load keys
Test unit ready: return value of ioctl indicates success
Read pic: return value of ioctl indicates success
get dec key
  establish session keys:
    do send key: return value of ioctl indicates success
    do report key: return value of ioctl indicates success
    calculate session keys
    do send key: return value of ioctl indicates success
  get data
    do unknown e1:
    unknown e1 cdb: e1005400d8ca6f19bf135c46
    return value of ioctl indicates success
    do unknown e0:
    unknown e0 cdb: e0003400a3485805b4dd8d8e
    return value of ioctl indicates success
get_dec_key succeeded!


disc_key = a63ace4515ca58c5048a5be3a7dbc257

disc_id = 00000000000000ff00020004XXXXXXXX
PIC:
10020000444901080000200042444f01
1101010000000000004f8bbf00100000
004f8bbe000000000000000000000000
00000000000000000000000000000000
00000000000000000000000000000000
00000000000000000000000000000000
00000000000000000000000000000000
00000000000000000000000000000000
00000000

SUCCESS: Everything was correctly dumped.
