
GetKey r2
Load keys
Test unit ready: return value of ioctl indicates success
Read pic: return value of ioctl indicates success
get dec key
  establish session keys:
    do send key: return value of ioctl indicates success
    do report key: return value of ioctl indicates success
    calculate session keys
    do send key: return value of ioctl indicates success
  get data
    do unknown e1:
    unknown e1 cdb: e1005400b01b9a524a99c2e0
    return value of ioctl indicates success
    do unknown e0:
    unknown e0 cdb: e00034004159eed1fcb7ab10
    return value of ioctl indicates success
get_dec_key succeeded!


disc_key = f484badd96cc13997fd10bc155f2e8c0

disc_id = 00000000000000ff00020004XXXXXXXX
PIC:
10020000444901080000200042444f01
11010100000000000038eebf00100000
0038eebe000000000000000000000000
00000000000000000000000000000000
00000000000000000000000000000000
00000000000000000000000000000000
00000000000000000000000000000000
00000000000000000000000000000000
00000000

SUCCESS: Everything was correctly dumped.
