
GetKey r2
Load keys
Test unit ready: return value of ioctl indicates success
Read pic: return value of ioctl indicates success
get dec key
  establish session keys:
    do send key: return value of ioctl indicates success
    do report key: return value of ioctl indicates success
    calculate session keys
    do send key: return value of ioctl indicates success
  get data
    do unknown e1:
    unknown e1 cdb: e1005400b8393d833afcd038
    return value of ioctl indicates success
    do unknown e0:
    unknown e0 cdb: e0003400d25f6aa136183ac9
    return value of ioctl indicates success
get_dec_key succeeded!


disc_key = 33a24baa9e12549ee6f5695f26905b84

disc_id = 00000000000000ff00020004XXXXXXXX
PIC:
10020000444901080000200042444f01
1101010000000000002b20ff00100000
002b20fe000000000000000000000000
00000000000000000000000000000000
00000000000000000000000000000000
00000000000000000000000000000000
00000000000000000000000000000000
00000000000000000000000000000000
00000000

SUCCESS: Everything was correctly dumped.
