
GetKey r2
Load keys
Test unit ready: return value of ioctl indicates success
Read pic: return value of ioctl indicates success
get dec key
  establish session keys:
    do send key: return value of ioctl indicates success
    do report key: return value of ioctl indicates success
    calculate session keys
    do send key: return value of ioctl indicates success
  get data
    do unknown e1:
    unknown e1 cdb: e1005400230d0f3f5dcb9b27
    return value of ioctl indicates success
    do unknown e0:
    unknown e0 cdb: e0003400615f9eb0dc3f9d8d
    return value of ioctl indicates success
get_dec_key succeeded!


disc_key = 1d3cc8ed916fe4d8a9048eb750166f69

disc_id = 00000000000000ff00020004XXXXXXXX
PIC:
10020000444901080000200042444f01
1101010000000000004b305f00100000
004b305e000000000000000000000000
00000000000000000000000000000000
00000000000000000000000000000000
00000000000000000000000000000000
00000000000000000000000000000000
00000000000000000000000000000000
00000000

SUCCESS: Everything was correctly dumped.
