
GetKey r2
Load keys
Test unit ready: return value of ioctl indicates success
Read pic: return value of ioctl indicates success
get dec key
  establish session keys:
    do send key: return value of ioctl indicates success
    do report key: return value of ioctl indicates success
    calculate session keys
    do send key: return value of ioctl indicates success
  get data
    do unknown e1:
    unknown e1 cdb: e100540005c4d398d1546446
    return value of ioctl indicates success
    do unknown e0:
    unknown e0 cdb: e00034004f10f3a93b3f61ac
    return value of ioctl indicates success
get_dec_key succeeded!


disc_key = 6d5125f39b6ace01b2e66b26514cf64d

disc_id = 00000000000000ff0002000000000000
PIC:
10020000444901100000200042444f01
21010300000000000177181f00100000
00ca73fe000000000000000000000000
00000000000000000000000000000000
00000000444901110001200042444f01
21010300000000000177181f01358c00
01effffe000000000000000000000000
00000000000000000000000000000000
00000000

SUCCESS: Everything was correctly dumped.
