
GetKey r2
Load keys
Test unit ready: return value of ioctl indicates success
Read pic: return value of ioctl indicates success
get dec key
  establish session keys:
    do send key: return value of ioctl indicates success
    do report key: return value of ioctl indicates success
    calculate session keys
    do send key: return value of ioctl indicates success
  get data
    do unknown e1:
    unknown e1 cdb: e10054000021c6bdc37cd1a4
    return value of ioctl indicates success
    do unknown e0:
    unknown e0 cdb: e0003400e928fd7d550d902a
    return value of ioctl indicates success
get_dec_key succeeded!


disc_key = 8254d37b7974b6cd73f30c2c61e0c20c

disc_id = 00000000000000ff00020004XXXXXXXX
PIC:
10020000444901080000200042444f01
1101010000000000003d801f00100000
003d801e000000000000000000000000
00000000000000000000000000000000
00000000000000000000000000000000
00000000000000000000000000000000
00000000000000000000000000000000
00000000000000000000000000000000
00000000

SUCCESS: Everything was correctly dumped.
