
GetKey r2
Load keys
Test unit ready: return value of ioctl indicates success
Read pic: return value of ioctl indicates success
get dec key
  establish session keys:
    do send key: return value of ioctl indicates success
    do report key: return value of ioctl indicates success
    calculate session keys
    do send key: return value of ioctl indicates success
  get data
    do unknown e1:
    unknown e1 cdb: e1005400bd287a36f1c34b7c
    return value of ioctl indicates success
    do unknown e0:
    unknown e0 cdb: e000340071ff1920e17515bd
    return value of ioctl indicates success
get_dec_key succeeded!


disc_key = bdd9a325a194ddc8bc3baf44e3478348

disc_id = 00000000000000ff00020003XXXXXXXX
PIC:
10020000444901080000200042444f01
11010100000000000012bd1f00100000
0012bd1e000000000000000000000000
00000000000000000000000000000000
00000000000000000000000000000000
00000000000000000000000000000000
00000000000000000000000000000000
00000000000000000000000000000000
00000000

SUCCESS: Everything was correctly dumped.
