
GetKey r2
Load keys
Test unit ready: return value of ioctl indicates success
Read pic: return value of ioctl indicates success
get dec key
  establish session keys:
    do send key: return value of ioctl indicates success
    do report key: return value of ioctl indicates success
    calculate session keys
    do send key: return value of ioctl indicates success
  get data
    do unknown e1:
    unknown e1 cdb: e1005400f14a77c9e8893967
    return value of ioctl indicates success
    do unknown e0:
    unknown e0 cdb: e00034009e70ac63b08d6b64
    return value of ioctl indicates success
get_dec_key succeeded!


disc_key = fcabb21b5323ca856d0b27871734dc37

disc_id = 00000000000000ff00020001XXXXXXXX
PIC:
10020000444901080000200042444f01
1101010000000000004ae1df00100000
004ae1de000000000000000000000000
00000000000000000000000000000000
00000000000000000000000000000000
00000000000000000000000000000000
00000000000000000000000000000000
00000000000000000000000000000000
00000000

SUCCESS: Everything was correctly dumped.
