
GetKey r2
Load keys
Test unit ready: return value of ioctl indicates success
Read pic: return value of ioctl indicates success
get dec key
  establish session keys:
    do send key: return value of ioctl indicates success
    do report key: return value of ioctl indicates success
    calculate session keys
    do send key: return value of ioctl indicates success
  get data
    do unknown e1:
    unknown e1 cdb: e100540019e65b4c0fcb379e
    return value of ioctl indicates success
    do unknown e0:
    unknown e0 cdb: e0003400908c4f6a152ce3a9
    return value of ioctl indicates success
get_dec_key succeeded!


disc_key = 4a3b3da24e7711a7a1362c89d04f2ff9

disc_id = 00000000000000ff00020004XXXXXXXX
PIC:
10020000444901080000200042444f01
1101010000000000003d503f00100000
003d503e000000000000000000000000
00000000000000000000000000000000
00000000000000000000000000000000
00000000000000000000000000000000
00000000000000000000000000000000
00000000000000000000000000000000
00000000

SUCCESS: Everything was correctly dumped.
