
GetKey r2
Load keys
Test unit ready: return value of ioctl indicates success
Read pic: return value of ioctl indicates success
get dec key
  establish session keys:
    do send key: return value of ioctl indicates success
    do report key: return value of ioctl indicates success
    calculate session keys
    do send key: return value of ioctl indicates success
  get data
    do unknown e1:
    unknown e1 cdb: e1005400a4113ddad483be67
    return value of ioctl indicates success
    do unknown e0:
    unknown e0 cdb: e0003400a0ddc9fc60cf1afd
    return value of ioctl indicates success
get_dec_key succeeded!


disc_key = 7b0b3d1c0b321206c688fb84a22a3489

disc_id = 00000000000000ff00020004XXXXXXXX
PIC:
10020000444901080000200042444f01
1101010000000000001d68ff00100000
001d68fe000000000000000000000000
00000000000000000000000000000000
00000000000000000000000000000000
00000000000000000000000000000000
00000000000000000000000000000000
00000000000000000000000000000000
00000000

SUCCESS: Everything was correctly dumped.
