
GetKey r2
Load keys
Test unit ready: return value of ioctl indicates success
Read pic: return value of ioctl indicates success
get dec key
  establish session keys:
    do send key: return value of ioctl indicates success
    do report key: return value of ioctl indicates success
    calculate session keys
    do send key: return value of ioctl indicates success
  get data
    do unknown e1:
    unknown e1 cdb: e1005400c14430878dcdc9ca
    return value of ioctl indicates success
    do unknown e0:
    unknown e0 cdb: e00034003e1db7ec88b4d701
    return value of ioctl indicates success
get_dec_key succeeded!


disc_key = 277b6dffd752d9e637ed0139983f2d90

disc_id = 00000000000000ff00020003XXXXXXXX
PIC:
10020000444901080000200042444f01
1101010000000000009d87bf00100000
009d87be000000000000000000000000
00000000000000000000000000000000
00000000000000000000000000000000
00000000000000000000000000000000
00000000000000000000000000000000
00000000000000000000000000000000
00000000

SUCCESS: Everything was correctly dumped.
