
GetKey r2
Load keys
Test unit ready: return value of ioctl indicates success
Read pic: return value of ioctl indicates success
get dec key
  establish session keys:
    do send key: return value of ioctl indicates success
    do report key: return value of ioctl indicates success
    calculate session keys
    do send key: return value of ioctl indicates success
  get data
    do unknown e1:
    unknown e1 cdb: e1005400b4b2ecb79ec19db4
    return value of ioctl indicates success
    do unknown e0:
    unknown e0 cdb: e0003400cc32bc48f41d254f
    return value of ioctl indicates success
get_dec_key succeeded!


disc_key = 34155bb01b4b3fd0fe7fc3f1e370e46d

disc_id = 00000000000000ff00020004XXXXXXXX
PIC:
10020000444901080000200042444f01
1101010000000000003ed0ff00100000
003ed0fe000000000000000000000000
00000000000000000000000000000000
00000000000000000000000000000000
00000000000000000000000000000000
00000000000000000000000000000000
00000000000000000000000000000000
00000000

SUCCESS: Everything was correctly dumped.
