
GetKey r2
Load keys
Test unit ready: return value of ioctl indicates success
Read pic: return value of ioctl indicates success
get dec key
  establish session keys:
    do send key: return value of ioctl indicates success
    do report key: return value of ioctl indicates success
    calculate session keys
    do send key: return value of ioctl indicates success
  get data
    do unknown e1:
    unknown e1 cdb: e1005400e3995ac9d74e0949
    return value of ioctl indicates success
    do unknown e0:
    unknown e0 cdb: e0003400bc78d8db26fbad99
    return value of ioctl indicates success
get_dec_key succeeded!


disc_key = 0c8fb54c28e7fba030a31a3a019a5a70

disc_id = 00000000000000ff00020004XXXXXXXX
PIC:
10020000444901080000200042444f01
1101010000000000002c1e9f00100000
002c1e9e000000000000000000000000
00000000000000000000000000000000
00000000000000000000000000000000
00000000000000000000000000000000
00000000000000000000000000000000
00000000000000000000000000000000
00000000

SUCCESS: Everything was correctly dumped.
