
GetKey r2
Load keys
Test unit ready: return value of ioctl indicates success
Read pic: return value of ioctl indicates success
get dec key
  establish session keys:
    do send key: return value of ioctl indicates success
    do report key: return value of ioctl indicates success
    calculate session keys
    do send key: return value of ioctl indicates success
  get data
    do unknown e1:
    unknown e1 cdb: e100540049ea65a1461a7b8c
    return value of ioctl indicates success
    do unknown e0:
    unknown e0 cdb: e0003400d852e33d9834e2e7
    return value of ioctl indicates success
get_dec_key succeeded!


disc_key = 5d6aa95be5b9a14c242ad83ec64e6d85

disc_id = 00000000000000ff00020004XXXXXXXX
PIC:
10020000444901080000200042444f01
1101010000000000003a9d5f00100000
003a9d5e000000000000000000000000
00000000000000000000000000000000
00000000000000000000000000000000
00000000000000000000000000000000
00000000000000000000000000000000
00000000000000000000000000000000
00000000

SUCCESS: Everything was correctly dumped.
