
GetKey r2
Load keys
Test unit ready: return value of ioctl indicates success
Read pic: return value of ioctl indicates success
get dec key
  establish session keys:
    do send key: return value of ioctl indicates success
    do report key: return value of ioctl indicates success
    calculate session keys
    do send key: return value of ioctl indicates success
  get data
    do unknown e1:
    unknown e1 cdb: e1005400e3cd3b0b175fc5f2
    return value of ioctl indicates success
    do unknown e0:
    unknown e0 cdb: e0003400debfbff21a32e66c
    return value of ioctl indicates success
get_dec_key succeeded!


disc_key = fe9f0d4c7418d9da91d3ee82a1a23f57

disc_id = 00000000000000ff00020004XXXXXXXX
PIC:
10020000444901080000200042444f01
110101000000000000407c9f00100000
00407c9e000000000000000000000000
00000000000000000000000000000000
00000000000000000000000000000000
00000000000000000000000000000000
00000000000000000000000000000000
00000000000000000000000000000000
00000000

SUCCESS: Everything was correctly dumped.
