
GetKey r2
Load keys
Test unit ready: return value of ioctl indicates success
Read pic: return value of ioctl indicates success
get dec key
  establish session keys:
    do send key: return value of ioctl indicates success
    do report key: return value of ioctl indicates success
    calculate session keys
    do send key: return value of ioctl indicates success
  get data
    do unknown e1:
    unknown e1 cdb: e1005400a2cd5259eb1bda45
    return value of ioctl indicates success
    do unknown e0:
    unknown e0 cdb: e0003400c06296c88f74fd0d
    return value of ioctl indicates success
get_dec_key succeeded!


disc_key = 21eebe5e099d556e1ef2da6aa26c22d6

disc_id = 00000000000000ff00020001XXXXXXXX
PIC:
10020000444901080000200042444f01
110101000000000000372d1f00100000
00372d1e000000000000000000000000
00000000000000000000000000000000
00000000000000000000000000000000
00000000000000000000000000000000
00000000000000000000000000000000
00000000000000000000000000000000
00000000

SUCCESS: Everything was correctly dumped.
