
GetKey r2
Load keys
Test unit ready: return value of ioctl indicates success
Read pic: return value of ioctl indicates success
get dec key
  establish session keys:
    do send key: return value of ioctl indicates success
    do report key: return value of ioctl indicates success
    calculate session keys
    do send key: return value of ioctl indicates success
  get data
    do unknown e1:
    unknown e1 cdb: e10054008d37ed200585643d
    return value of ioctl indicates success
    do unknown e0:
    unknown e0 cdb: e0003400a3d42a597214c47b
    return value of ioctl indicates success
get_dec_key succeeded!


disc_key = e28b4d7a0108ad29e1fbc624524f18ee

disc_id = 00000000000000ff00020004XXXXXXXX
PIC:
10020000444901080000200042444f01
11010100000000000043eadf00100000
0043eade000000000000000000000000
00000000000000000000000000000000
00000000000000000000000000000000
00000000000000000000000000000000
00000000000000000000000000000000
00000000000000000000000000000000
00000000

SUCCESS: Everything was correctly dumped.
