
GetKey r2
Load keys
Test unit ready: return value of ioctl indicates success
Read pic: return value of ioctl indicates success
get dec key
  establish session keys:
    do send key: return value of ioctl indicates success
    do report key: return value of ioctl indicates success
    calculate session keys
    do send key: return value of ioctl indicates success
  get data
    do unknown e1:
    unknown e1 cdb: e10054007494de106b4db0c9
    return value of ioctl indicates success
    do unknown e0:
    unknown e0 cdb: e000340069f65c2d2c573c3a
    return value of ioctl indicates success
get_dec_key succeeded!


disc_key = 0a996c0e4ed17d7abc29d2da1eeb1621

disc_id = 00000000000000ff00020004XXXXXXXX
PIC:
10020000444901080000200042444f01
1101010000000000001a4cdf00100000
001a4cde000000000000000000000000
00000000000000000000000000000000
00000000000000000000000000000000
00000000000000000000000000000000
00000000000000000000000000000000
00000000000000000000000000000000
00000000

SUCCESS: Everything was correctly dumped.
