
GetKey r2
Load keys
Test unit ready: return value of ioctl indicates success
Read pic: return value of ioctl indicates success
get dec key
  establish session keys:
    do send key: return value of ioctl indicates success
    do report key: return value of ioctl indicates success
    calculate session keys
    do send key: return value of ioctl indicates success
  get data
    do unknown e1:
    unknown e1 cdb: e1005400549802604d5d94cd
    return value of ioctl indicates success
    do unknown e0:
    unknown e0 cdb: e00034008e0db743eb9184f6
    return value of ioctl indicates success
get_dec_key succeeded!


disc_key = a7675beb4fe7562d664676f2350a3086

disc_id = 00000000000000ff00020003XXXXXXXX
PIC:
10020000444901080000200042444f01
11010100000000000043eadf00100000
0043eade000000000000000000000000
00000000000000000000000000000000
00000000000000000000000000000000
00000000000000000000000000000000
00000000000000000000000000000000
00000000000000000000000000000000
00000000

SUCCESS: Everything was correctly dumped.
