
GetKey r2
Load keys
Test unit ready: return value of ioctl indicates success
Read pic: return value of ioctl indicates success
get dec key
  establish session keys:
    do send key: return value of ioctl indicates success
    do report key: return value of ioctl indicates success
    calculate session keys
    do send key: return value of ioctl indicates success
  get data
    do unknown e1:
    unknown e1 cdb: e10054000c4dd65a0e99e7d3
    return value of ioctl indicates success
    do unknown e0:
    unknown e0 cdb: e00034003fb526e62b73ad5c
    return value of ioctl indicates success
get_dec_key succeeded!


disc_key = 75e2dad875c00f94731d43252d7ce6bf

disc_id = 00000000000000ff00020004XXXXXXXX
PIC:
10020000444901080000200042444f01
11010100000000000035193f00100000
0035193e000000000000000000000000
00000000000000000000000000000000
00000000000000000000000000000000
00000000000000000000000000000000
00000000000000000000000000000000
00000000000000000000000000000000
00000000

SUCCESS: Everything was correctly dumped.
