
GetKey r2
Load keys
Test unit ready: return value of ioctl indicates success
Read pic: return value of ioctl indicates success
get dec key
  establish session keys:
    do send key: return value of ioctl indicates success
    do report key: return value of ioctl indicates success
    calculate session keys
    do send key: return value of ioctl indicates success
  get data
    do unknown e1:
    unknown e1 cdb: e1005400539a6bd67dc67a52
    return value of ioctl indicates success
    do unknown e0:
    unknown e0 cdb: e0003400e834ea0e363ce93e
    return value of ioctl indicates success
get_dec_key succeeded!


disc_key = 995c23df3b55bc90a2cc6033fc3bfd23

disc_id = 00000000000000ff00020004XXXXXXXX
PIC:
10020000444901080000200042444f01
110101000000000000336e3f00100000
00336e3e000000000000000000000000
00000000000000000000000000000000
00000000000000000000000000000000
00000000000000000000000000000000
00000000000000000000000000000000
00000000000000000000000000000000
00000000

SUCCESS: Everything was correctly dumped.
