
GetKey r2
Load keys
Test unit ready: return value of ioctl indicates success
Read pic: return value of ioctl indicates success
get dec key
  establish session keys:
    do send key: return value of ioctl indicates success
    do report key: return value of ioctl indicates success
    calculate session keys
    do send key: return value of ioctl indicates success
  get data
    do unknown e1:
    unknown e1 cdb: e1005400c03fd186c96fc43b
    return value of ioctl indicates success
    do unknown e0:
    unknown e0 cdb: e000340025c61a60cfb5ee73
    return value of ioctl indicates success
get_dec_key succeeded!


disc_key = 07ae3df769dc4ab6e59f5431280b752d

disc_id = 00000000000000ff00020004XXXXXXXX
PIC:
10020000444901080000200042444f01
1101010000000000007fd29f00100000
007fd29e000000000000000000000000
00000000000000000000000000000000
00000000000000000000000000000000
00000000000000000000000000000000
00000000000000000000000000000000
00000000000000000000000000000000
00000000

SUCCESS: Everything was correctly dumped.
