
GetKey r2
Load keys
Test unit ready: return value of ioctl indicates success
Read pic: return value of ioctl indicates success
get dec key
  establish session keys:
    do send key: return value of ioctl indicates success
    do report key: return value of ioctl indicates success
    calculate session keys
    do send key: return value of ioctl indicates success
  get data
    do unknown e1:
    unknown e1 cdb: e10054005423ead93696ff2e
    return value of ioctl indicates success
    do unknown e0:
    unknown e0 cdb: e0003400b864b70f871c4ad4
    return value of ioctl indicates success
get_dec_key succeeded!


disc_key = e79142989b5694c3b9cbe7a4c2b9bbc6

disc_id = 00000000000000ff00020003XXXXXXXX
PIC:
10020000444901080000200042444f01
110101000000000000c82b7f00100000
00c82b7e000000000000000000000000
00000000000000000000000000000000
00000000000000000000000000000000
00000000000000000000000000000000
00000000000000000000000000000000
00000000000000000000000000000000
00000000

SUCCESS: Everything was correctly dumped.
