
GetKey r2
Load keys
Test unit ready: return value of ioctl indicates success
Read pic: return value of ioctl indicates success
get dec key
  establish session keys:
    do send key: return value of ioctl indicates success
    do report key: return value of ioctl indicates success
    calculate session keys
    do send key: return value of ioctl indicates success
  get data
    do unknown e1:
    unknown e1 cdb: e100540033588ed7aa581fec
    return value of ioctl indicates success
    do unknown e0:
    unknown e0 cdb: e00034002d922b80c0b0fb0f
    return value of ioctl indicates success
get_dec_key succeeded!


disc_key = 34e2abd7fd729d12b3028a58b1471e90

disc_id = 00000000000000ff00020001XXXXXXXX
PIC:
10020000444901080000200042444f01
1101010000000000003ef8ff00100000
003ef8fe000000000000000000000000
00000000000000000000000000000000
00000000000000000000000000000000
00000000000000000000000000000000
00000000000000000000000000000000
00000000000000000000000000000000
00000000

SUCCESS: Everything was correctly dumped.
