
GetKey r2
Load keys
Test unit ready: return value of ioctl indicates success
Read pic: return value of ioctl indicates success
get dec key
  establish session keys:
    do send key: return value of ioctl indicates success
    do report key: return value of ioctl indicates success
    calculate session keys
    do send key: return value of ioctl indicates success
  get data
    do unknown e1:
    unknown e1 cdb: e1005400b816fb73dc67e3b3
    return value of ioctl indicates success
    do unknown e0:
    unknown e0 cdb: e00034003b902a57a72eaaa5
    return value of ioctl indicates success
get_dec_key succeeded!


disc_key = 818affca3d69fad5c308f949e6fb36d4

disc_id = 00000000000000ff00020004XXXXXXXX
PIC:
10020000444901080000200042444f01
11010100000000000029133f00100000
0029133e000000000000000000000000
00000000000000000000000000000000
00000000000000000000000000000000
00000000000000000000000000000000
00000000000000000000000000000000
00000000000000000000000000000000
00000000

SUCCESS: Everything was correctly dumped.
