
GetKey r2
Load keys
Test unit ready: return value of ioctl indicates success
Read pic: return value of ioctl indicates success
get dec key
  establish session keys:
    do send key: return value of ioctl indicates success
    do report key: return value of ioctl indicates success
    calculate session keys
    do send key: return value of ioctl indicates success
  get data
    do unknown e1:
    unknown e1 cdb: e1005400589dc9a673d6a242
    return value of ioctl indicates success
    do unknown e0:
    unknown e0 cdb: e0003400345bb2ae0534982b
    return value of ioctl indicates success
get_dec_key succeeded!


disc_key = 3740c574ce8f44cacda2fa26cdacd8a1

disc_id = 00000000000000ff00020003XXXXXXXX
PIC:
10020000444901080000200042444f01
1101010000000000009991df00100000
009991de000000000000000000000000
00000000000000000000000000000000
00000000000000000000000000000000
00000000000000000000000000000000
00000000000000000000000000000000
00000000000000000000000000000000
00000000

SUCCESS: Everything was correctly dumped.
