
GetKey r2
Load keys
Test unit ready: return value of ioctl indicates success
Read pic: return value of ioctl indicates success
get dec key
  establish session keys:
    do send key: return value of ioctl indicates success
    do report key: return value of ioctl indicates success
    calculate session keys
    do send key: return value of ioctl indicates success
  get data
    do unknown e1:
    unknown e1 cdb: e1005400e92d7bb68cadc697
    return value of ioctl indicates success
    do unknown e0:
    unknown e0 cdb: e00034009e6e1d70db19a518
    return value of ioctl indicates success
get_dec_key succeeded!


disc_key = ae8c3770e47794d3f5e9feaf1bd0fc89

disc_id = 00000000000000ff00020004XXXXXXXX
PIC:
10020000444901080000200042444f01
11010100000000000044fcbf00100000
0044fcbe000000000000000000000000
00000000000000000000000000000000
00000000000000000000000000000000
00000000000000000000000000000000
00000000000000000000000000000000
00000000000000000000000000000000
00000000

SUCCESS: Everything was correctly dumped.
