
GetKey r2
Load keys
Test unit ready: return value of ioctl indicates success
Read pic: return value of ioctl indicates success
get dec key
  establish session keys:
    do send key: return value of ioctl indicates success
    do report key: return value of ioctl indicates success
    calculate session keys
    do send key: return value of ioctl indicates success
  get data
    do unknown e1:
    unknown e1 cdb: e1005400f5d3f21837b7004c
    return value of ioctl indicates success
    do unknown e0:
    unknown e0 cdb: e0003400eadfc90250eb9efc
    return value of ioctl indicates success
get_dec_key succeeded!


disc_key = b79df41cffce3e52f6189c7f9d142e1c

disc_id = 00000000000000ff00020001XXXXXXXX
PIC:
10020000444901080000200042444f01
11010100000000000016523f00100000
0016523e000000000000000000000000
00000000000000000000000000000000
00000000000000000000000000000000
00000000000000000000000000000000
00000000000000000000000000000000
00000000000000000000000000000000
00000000

SUCCESS: Everything was correctly dumped.
