
GetKey r2
Load keys
Test unit ready: return value of ioctl indicates success
Read pic: return value of ioctl indicates success
get dec key
  establish session keys:
    do send key: return value of ioctl indicates success
    do report key: return value of ioctl indicates success
    calculate session keys
    do send key: return value of ioctl indicates success
  get data
    do unknown e1:
    unknown e1 cdb: e1005400a20dcf5afbe4a389
    return value of ioctl indicates success
    do unknown e0:
    unknown e0 cdb: e000340017ea3b0907c79c92
    return value of ioctl indicates success
get_dec_key succeeded!


disc_key = 9d72c9a54084164bc81d63431d7ceab8

disc_id = 00000000000000ff00020004XXXXXXXX
PIC:
10020000444901080000200042444f01
110101000000000000a849bf00100000
00a849be000000000000000000000000
00000000000000000000000000000000
00000000000000000000000000000000
00000000000000000000000000000000
00000000000000000000000000000000
00000000000000000000000000000000
00000000

SUCCESS: Everything was correctly dumped.
