
GetKey r2
Load keys
Test unit ready: return value of ioctl indicates success
Read pic: return value of ioctl indicates success
get dec key
  establish session keys:
    do send key: return value of ioctl indicates success
    do report key: return value of ioctl indicates success
    calculate session keys
    do send key: return value of ioctl indicates success
  get data
    do unknown e1:
    unknown e1 cdb: e1005400134ac9f0e8e477d5
    return value of ioctl indicates success
    do unknown e0:
    unknown e0 cdb: e0003400f1b0e2f625f1f492
    return value of ioctl indicates success
get_dec_key succeeded!


disc_key = 24e5e75e85c38c3e4b637409b86aa115

disc_id = 00000000000000ff00020004XXXXXXXX
PIC:
10020000444901080000200042444f01
1101010000000000005cf29f00100000
005cf29e000000000000000000000000
00000000000000000000000000000000
00000000000000000000000000000000
00000000000000000000000000000000
00000000000000000000000000000000
00000000000000000000000000000000
00000000

SUCCESS: Everything was correctly dumped.
