
GetKey r2
Load keys
Test unit ready: return value of ioctl indicates success
Read pic: return value of ioctl indicates success
get dec key
  establish session keys:
    do send key: return value of ioctl indicates success
    do report key: return value of ioctl indicates success
    calculate session keys
    do send key: return value of ioctl indicates success
  get data
    do unknown e1:
    unknown e1 cdb: e10054008d8143caa0057d70
    return value of ioctl indicates success
    do unknown e0:
    unknown e0 cdb: e00034008b3832d3b2cb3d9a
    return value of ioctl indicates success
get_dec_key succeeded!


disc_key = c9b6c494b88de22f77957708ef407a74

disc_id = 00000000000000ff00020004XXXXXXXX
PIC:
10020000444901080000200042444f01
1101010000000000004e751f00100000
004e751e000000000000000000000000
00000000000000000000000000000000
00000000000000000000000000000000
00000000000000000000000000000000
00000000000000000000000000000000
00000000000000000000000000000000
00000000

SUCCESS: Everything was correctly dumped.
