
GetKey r2
Load keys
Test unit ready: return value of ioctl indicates success
Read pic: return value of ioctl indicates success
get dec key
  establish session keys:
    do send key: return value of ioctl indicates success
    do report key: return value of ioctl indicates success
    calculate session keys
    do send key: return value of ioctl indicates success
  get data
    do unknown e1:
    unknown e1 cdb: e100540028bcc53c4848f03c
    return value of ioctl indicates success
    do unknown e0:
    unknown e0 cdb: e0003400125c8634eada9408
    return value of ioctl indicates success
get_dec_key succeeded!


disc_key = 4d38c872f01aee20e75766de62e831a9

disc_id = 00000000000000ff00020004XXXXXXXX
PIC:
10020000444901080000200042444f01
11010100000000000047f43f00100000
0047f43e000000000000000000000000
00000000000000000000000000000000
00000000000000000000000000000000
00000000000000000000000000000000
00000000000000000000000000000000
00000000000000000000000000000000
00000000

SUCCESS: Everything was correctly dumped.
