
GetKey r2
Load keys
Test unit ready: return value of ioctl indicates success
Read pic: return value of ioctl indicates success
get dec key
  establish session keys:
    do send key: return value of ioctl indicates success
    do report key: return value of ioctl indicates success
    calculate session keys
    do send key: return value of ioctl indicates success
  get data
    do unknown e1:
    unknown e1 cdb: e10054002b8db3df6607bf59
    return value of ioctl indicates success
    do unknown e0:
    unknown e0 cdb: e00034006c9ed19eca6ecfbb
    return value of ioctl indicates success
get_dec_key succeeded!


disc_key = 630f9204a1e2888a5fd3a040e15ffbd8

disc_id = 00000000000000ff00020004XXXXXXXX
PIC:
10020000444901080000200042444f01
11010100000000000046e09f00100000
0046e09e000000000000000000000000
00000000000000000000000000000000
00000000000000000000000000000000
00000000000000000000000000000000
00000000000000000000000000000000
00000000000000000000000000000000
00000000

SUCCESS: Everything was correctly dumped.
