
GetKey r2
Load keys
Test unit ready: return value of ioctl indicates success
Read pic: return value of ioctl indicates success
get dec key
  establish session keys:
    do send key: return value of ioctl indicates success
    do report key: return value of ioctl indicates success
    calculate session keys
    do send key: return value of ioctl indicates success
  get data
    do unknown e1:
    unknown e1 cdb: e1005400cc8ceab2e6f2dd7f
    return value of ioctl indicates success
    do unknown e0:
    unknown e0 cdb: e0003400aa801178d4319be3
    return value of ioctl indicates success
get_dec_key succeeded!


disc_key = 5ef6c5c0a75f02c911c582e3c1085527

disc_id = 00000000000000ff00020004XXXXXXXX
PIC:
10020000444901080000200042444f01
110101000000000000a95fbf00100000
00a95fbe000000000000000000000000
00000000000000000000000000000000
00000000000000000000000000000000
00000000000000000000000000000000
00000000000000000000000000000000
00000000000000000000000000000000
00000000

SUCCESS: Everything was correctly dumped.
