
GetKey r2
Load keys
Test unit ready: return value of ioctl indicates success
Read pic: return value of ioctl indicates success
get dec key
  establish session keys:
    do send key: return value of ioctl indicates success
    do report key: return value of ioctl indicates success
    calculate session keys
    do send key: return value of ioctl indicates success
  get data
    do unknown e1:
    unknown e1 cdb: e1005400847bda3481e2944a
    return value of ioctl indicates success
    do unknown e0:
    unknown e0 cdb: e00034004df1f5808dc00ec6
    return value of ioctl indicates success
get_dec_key succeeded!


disc_key = 4bcb3145432f84ec898883b3a3dea0c8

disc_id = 00000000000000ff00020001XXXXXXXX
PIC:
10020000444901080000200042444f01
110101000000000000bdb8df00100000
00bdb8de000000000000000000000000
00000000000000000000000000000000
00000000000000000000000000000000
00000000000000000000000000000000
00000000000000000000000000000000
00000000000000000000000000000000
00000000

SUCCESS: Everything was correctly dumped.
