
GetKey r2
Load keys
Test unit ready: return value of ioctl indicates success
Read pic: return value of ioctl indicates success
get dec key
  establish session keys:
    do send key: return value of ioctl indicates success
    do report key: return value of ioctl indicates success
    calculate session keys
    do send key: return value of ioctl indicates success
  get data
    do unknown e1:
    unknown e1 cdb: e100540024d6f4b3f94639ab
    return value of ioctl indicates success
    do unknown e0:
    unknown e0 cdb: e000340035dcce3d0358f31e
    return value of ioctl indicates success
get_dec_key succeeded!


disc_key = ba2f439bb172b9b11d2fa7003754a0ca

disc_id = 00000000000000ff00020004XXXXXXXX
PIC:
10020000444901080000200042444f01
11010100000000000048a0bf00100000
0048a0be000000000000000000000000
00000000000000000000000000000000
00000000000000000000000000000000
00000000000000000000000000000000
00000000000000000000000000000000
00000000000000000000000000000000
00000000

SUCCESS: Everything was correctly dumped.
