
GetKey r2
Load keys
Test unit ready: return value of ioctl indicates success
Read pic: return value of ioctl indicates success
get dec key
  establish session keys:
    do send key: return value of ioctl indicates success
    do report key: return value of ioctl indicates success
    calculate session keys
    do send key: return value of ioctl indicates success
  get data
    do unknown e1:
    unknown e1 cdb: e1005400ea3f153e4faec5d8
    return value of ioctl indicates success
    do unknown e0:
    unknown e0 cdb: e0003400cabc56aba6e69e33
    return value of ioctl indicates success
get_dec_key succeeded!


disc_key = 1418d5c1f1c2fecfe739dc3a7821e4fa

disc_id = 00000000000000ff00020004XXXXXXXX
PIC:
10020000444901080000200042444f01
11010100000000000069391f00100000
0069391e000000000000000000000000
00000000000000000000000000000000
00000000000000000000000000000000
00000000000000000000000000000000
00000000000000000000000000000000
00000000000000000000000000000000
00000000

SUCCESS: Everything was correctly dumped.
