
GetKey r2
Load keys
Test unit ready: return value of ioctl indicates success
Read pic: return value of ioctl indicates success
get dec key
  establish session keys:
    do send key: return value of ioctl indicates success
    do report key: return value of ioctl indicates success
    calculate session keys
    do send key: return value of ioctl indicates success
  get data
    do unknown e1:
    unknown e1 cdb: e10054008e7f769ee96d3538
    return value of ioctl indicates success
    do unknown e0:
    unknown e0 cdb: e00034002bfcba621fc9aa37
    return value of ioctl indicates success
get_dec_key succeeded!


disc_key = 3885aa8517da3d5cee7b1e4f8f9d18e1

disc_id = 00000000000000ff00020004XXXXXXXX
PIC:
10020000444901080000200042444f01
1101010000000000003a3dbf00100000
003a3dbe000000000000000000000000
00000000000000000000000000000000
00000000000000000000000000000000
00000000000000000000000000000000
00000000000000000000000000000000
00000000000000000000000000000000
00000000

SUCCESS: Everything was correctly dumped.
