
GetKey r2
Load keys
Test unit ready: return value of ioctl indicates success
Read pic: return value of ioctl indicates success
get dec key
  establish session keys:
    do send key: return value of ioctl indicates success
    do report key: return value of ioctl indicates success
    calculate session keys
    do send key: return value of ioctl indicates success
  get data
    do unknown e1:
    unknown e1 cdb: e1005400179a955d0e536a1c
    return value of ioctl indicates success
    do unknown e0:
    unknown e0 cdb: e0003400a72fbb1a3dd9e068
    return value of ioctl indicates success
get_dec_key succeeded!


disc_key = 7449b9f97a52e49fbed5df4481b9d229

disc_id = 00000000000000ff00020004XXXXXXXX
PIC:
10020000444901080000200042444f01
11010100000000000051cd3f00100000
0051cd3e000000000000000000000000
00000000000000000000000000000000
00000000000000000000000000000000
00000000000000000000000000000000
00000000000000000000000000000000
00000000000000000000000000000000
00000000

SUCCESS: Everything was correctly dumped.
