
GetKey r2
Load keys
Test unit ready: return value of ioctl indicates success
Read pic: return value of ioctl indicates success
get dec key
  establish session keys:
    do send key: return value of ioctl indicates success
    do report key: return value of ioctl indicates success
    calculate session keys
    do send key: return value of ioctl indicates success
  get data
    do unknown e1:
    unknown e1 cdb: e1005400b7ba2cba7b712e6a
    return value of ioctl indicates success
    do unknown e0:
    unknown e0 cdb: e00034005bd8aac3ba090456
    return value of ioctl indicates success
get_dec_key succeeded!


disc_key = 95c48e48b314198e3a24eaa5222cc416

disc_id = 00000000000000ff00020001XXXXXXXX
PIC:
10020000444901080000200042444f01
11010100000000000051a0bf00100000
0051a0be000000000000000000000000
00000000000000000000000000000000
00000000000000000000000000000000
00000000000000000000000000000000
00000000000000000000000000000000
00000000000000000000000000000000
00000000

SUCCESS: Everything was correctly dumped.
