
GetKey r2
Load keys
Test unit ready: return value of ioctl indicates success
Read pic: return value of ioctl indicates success
get dec key
  establish session keys:
    do send key: return value of ioctl indicates success
    do report key: return value of ioctl indicates success
    calculate session keys
    do send key: return value of ioctl indicates success
  get data
    do unknown e1:
    unknown e1 cdb: e1005400e4e00e0c3a2754d0
    return value of ioctl indicates success
    do unknown e0:
    unknown e0 cdb: e0003400783df3bc89b081b9
    return value of ioctl indicates success
get_dec_key succeeded!


disc_key = 7c4b8584f337ff5a80aa32ec4312019b

disc_id = 00000000000000ff00020001XXXXXXXX
PIC:
10020000444901080000200042444f01
1101010000000000001b2fdf00100000
001b2fde000000000000000000000000
00000000000000000000000000000000
00000000000000000000000000000000
00000000000000000000000000000000
00000000000000000000000000000000
00000000000000000000000000000000
00000000

SUCCESS: Everything was correctly dumped.
