
GetKey r2
Load keys
Test unit ready: return value of ioctl indicates success
Read pic: return value of ioctl indicates success
get dec key
  establish session keys:
    do send key: return value of ioctl indicates success
    do report key: return value of ioctl indicates success
    calculate session keys
    do send key: return value of ioctl indicates success
  get data
    do unknown e1:
    unknown e1 cdb: e100540086457becaef4c1dc
    return value of ioctl indicates success
    do unknown e0:
    unknown e0 cdb: e0003400a50cde530dee5a7d
    return value of ioctl indicates success
get_dec_key succeeded!


disc_key = 68fe72aa1feab73a7a7ed66cdb660090

disc_id = 00000000000000ff00020004XXXXXXXX
PIC:
10020000444901080000200042444f01
1101010000000000005a4d5f00100000
005a4d5e000000000000000000000000
00000000000000000000000000000000
00000000000000000000000000000000
00000000000000000000000000000000
00000000000000000000000000000000
00000000000000000000000000000000
00000000

SUCCESS: Everything was correctly dumped.
