
GetKey r2
Load keys
Test unit ready: return value of ioctl indicates success
Read pic: return value of ioctl indicates success
get dec key
  establish session keys:
    do send key: return value of ioctl indicates success
    do report key: return value of ioctl indicates success
    calculate session keys
    do send key: return value of ioctl indicates success
  get data
    do unknown e1:
    unknown e1 cdb: e10054004b299e4be57591f2
    return value of ioctl indicates success
    do unknown e0:
    unknown e0 cdb: e00034007d328b3b3ea4dee7
    return value of ioctl indicates success
get_dec_key succeeded!


disc_key = 54247d3811b8a808ac039ae66e18f9a5

disc_id = 00000000000000ff00020004XXXXXXXX
PIC:
10020000444901080000200042444f01
11010100000000000034eb3f00100000
0034eb3e000000000000000000000000
00000000000000000000000000000000
00000000000000000000000000000000
00000000000000000000000000000000
00000000000000000000000000000000
00000000000000000000000000000000
00000000

SUCCESS: Everything was correctly dumped.
