
GetKey r2
Load keys
Test unit ready: return value of ioctl indicates success
Read pic: return value of ioctl indicates success
get dec key
  establish session keys:
    do send key: return value of ioctl indicates success
    do report key: return value of ioctl indicates success
    calculate session keys
    do send key: return value of ioctl indicates success
  get data
    do unknown e1:
    unknown e1 cdb: e10054007c27509b3b7a6c9f
    return value of ioctl indicates success
    do unknown e0:
    unknown e0 cdb: e0003400cac3984d3046ae67
    return value of ioctl indicates success
get_dec_key succeeded!


disc_key = df99240273fdf7b1bd644cbafa1cc83d

disc_id = 00000000000000ff00020004XXXXXXXX
PIC:
10020000444901080000200042444f01
11010100000000000017f71f00100000
0017f71e000000000000000000000000
00000000000000000000000000000000
00000000000000000000000000000000
00000000000000000000000000000000
00000000000000000000000000000000
00000000000000000000000000000000
00000000

SUCCESS: Everything was correctly dumped.
