
GetKey r2
Load keys
Test unit ready: return value of ioctl indicates success
Read pic: return value of ioctl indicates success
get dec key
  establish session keys:
    do send key: return value of ioctl indicates success
    do report key: return value of ioctl indicates success
    calculate session keys
    do send key: return value of ioctl indicates success
  get data
    do unknown e1:
    unknown e1 cdb: e10054002fdb1c24c0feea82
    return value of ioctl indicates success
    do unknown e0:
    unknown e0 cdb: e00034001c75a0b3a24dca11
    return value of ioctl indicates success
get_dec_key succeeded!


disc_key = 94da943e8cd684e94be54fe7206fb848

disc_id = 00000000000000ff00020001XXXXXXXX
PIC:
10020000444901080000200042444f01
11010100000000000047a03f00100000
0047a03e000000000000000000000000
00000000000000000000000000000000
00000000000000000000000000000000
00000000000000000000000000000000
00000000000000000000000000000000
00000000000000000000000000000000
00000000

SUCCESS: Everything was correctly dumped.
