
GetKey r2
Load keys
Test unit ready: return value of ioctl indicates success
Read pic: return value of ioctl indicates success
get dec key
  establish session keys:
    do send key: return value of ioctl indicates success
    do report key: return value of ioctl indicates success
    calculate session keys
    do send key: return value of ioctl indicates success
  get data
    do unknown e1:
    unknown e1 cdb: e100540096e71f84575c97d3
    return value of ioctl indicates success
    do unknown e0:
    unknown e0 cdb: e0003400d8fecc6b7fd8c714
    return value of ioctl indicates success
get_dec_key succeeded!


disc_key = dd3b8af1629d6f1c0872cc40d914e0ce

disc_id = 00000000000000ff00020004XXXXXXXX
PIC:
10020000444901080000200042444f01
1101010000000000002c13df00100000
002c13de000000000000000000000000
00000000000000000000000000000000
00000000000000000000000000000000
00000000000000000000000000000000
00000000000000000000000000000000
00000000000000000000000000000000
00000000

SUCCESS: Everything was correctly dumped.
