
GetKey r2
Load keys
Test unit ready: return value of ioctl indicates success
Read pic: return value of ioctl indicates success
get dec key
  establish session keys:
    do send key: return value of ioctl indicates success
    do report key: return value of ioctl indicates success
    calculate session keys
    do send key: return value of ioctl indicates success
  get data
    do unknown e1:
    unknown e1 cdb: e100540046fe64fa48f4f700
    return value of ioctl indicates success
    do unknown e0:
    unknown e0 cdb: e000340032694b9afa262af1
    return value of ioctl indicates success
get_dec_key succeeded!


disc_key = 5e0d7d56f80e5cc7885fd94e521c0496

disc_id = 00000000000000ff00020003XXXXXXXX
PIC:
10020000444901080000200042444f01
1101010000000000006bb4ff00100000
006bb4fe000000000000000000000000
00000000000000000000000000000000
00000000000000000000000000000000
00000000000000000000000000000000
00000000000000000000000000000000
00000000000000000000000000000000
00000000

SUCCESS: Everything was correctly dumped.
