
GetKey r2
Load keys
Test unit ready: return value of ioctl indicates success
Read pic: return value of ioctl indicates success
get dec key
  establish session keys:
    do send key: return value of ioctl indicates success
    do report key: return value of ioctl indicates success
    calculate session keys
    do send key: return value of ioctl indicates success
  get data
    do unknown e1:
    unknown e1 cdb: e100540086f8e4926e13e6a0
    return value of ioctl indicates success
    do unknown e0:
    unknown e0 cdb: e000340083a3d0a3f1a50c2e
    return value of ioctl indicates success
get_dec_key succeeded!


disc_key = ce065fc7b0b7c1da277918832075ce90

disc_id = 00000000000000ff00020001XXXXXXXX
PIC:
10020000444901080000200042444f01
110101000000000000aad4df00100000
00aad4de000000000000000000000000
00000000000000000000000000000000
00000000000000000000000000000000
00000000000000000000000000000000
00000000000000000000000000000000
00000000000000000000000000000000
00000000

SUCCESS: Everything was correctly dumped.
