
GetKey r2
Load keys
Test unit ready: return value of ioctl indicates success
Read pic: return value of ioctl indicates success
get dec key
  establish session keys:
    do send key: return value of ioctl indicates success
    do report key: return value of ioctl indicates success
    calculate session keys
    do send key: return value of ioctl indicates success
  get data
    do unknown e1:
    unknown e1 cdb: e10054004765fe4cb6b116b6
    return value of ioctl indicates success
    do unknown e0:
    unknown e0 cdb: e000340009c7c3d916306a4c
    return value of ioctl indicates success
get_dec_key succeeded!


disc_key = 7dab21c0d9ae6c55f1fde031baae8b78

disc_id = 00000000000000ff00020004XXXXXXXX
PIC:
10020000444901080000200042444f01
1101010000000000001f017f00100000
001f017e000000000000000000000000
00000000000000000000000000000000
00000000000000000000000000000000
00000000000000000000000000000000
00000000000000000000000000000000
00000000000000000000000000000000
00000000

SUCCESS: Everything was correctly dumped.
