
GetKey r2
Load keys
Test unit ready: return value of ioctl indicates success
Read pic: return value of ioctl indicates success
get dec key
  establish session keys:
    do send key: return value of ioctl indicates success
    do report key: return value of ioctl indicates success
    calculate session keys
    do send key: return value of ioctl indicates success
  get data
    do unknown e1:
    unknown e1 cdb: e1005400ab7b8f6cb72fa0a4
    return value of ioctl indicates success
    do unknown e0:
    unknown e0 cdb: e0003400cbd24228a2b66b0b
    return value of ioctl indicates success
get_dec_key succeeded!


disc_key = 59a7f20faf525cfb6700cff77f85c4d1

disc_id = 00000000000000ff00020001XXXXXXXX
PIC:
10020000444901080000200042444f01
1101010000000000007dc73f00100000
007dc73e000000000000000000000000
00000000000000000000000000000000
00000000000000000000000000000000
00000000000000000000000000000000
00000000000000000000000000000000
00000000000000000000000000000000
00000000

SUCCESS: Everything was correctly dumped.
