
GetKey r2
Load keys
Test unit ready: return value of ioctl indicates success
Read pic: return value of ioctl indicates success
get dec key
  establish session keys:
    do send key: return value of ioctl indicates success
    do report key: return value of ioctl indicates success
    calculate session keys
    do send key: return value of ioctl indicates success
  get data
    do unknown e1:
    unknown e1 cdb: e1005400cc0b9bce0de9bceb
    return value of ioctl indicates success
    do unknown e0:
    unknown e0 cdb: e000340089cb76b33e78bb2a
    return value of ioctl indicates success
get_dec_key succeeded!


disc_key = 49999cf64cbc289a5f95ec3a54570a4b

disc_id = 00000000000000ff00020004XXXXXXXX
PIC:
10020000444901080000200042444f01
1101010000000000004b96df00100000
004b96de000000000000000000000000
00000000000000000000000000000000
00000000000000000000000000000000
00000000000000000000000000000000
00000000000000000000000000000000
00000000000000000000000000000000
00000000

SUCCESS: Everything was correctly dumped.
