
GetKey r2
Load keys
Test unit ready: return value of ioctl indicates success
Read pic: return value of ioctl indicates success
get dec key
  establish session keys:
    do send key: return value of ioctl indicates success
    do report key: return value of ioctl indicates success
    calculate session keys
    do send key: return value of ioctl indicates success
  get data
    do unknown e1:
    unknown e1 cdb: e10054003a0d44dea1b2db0a
    return value of ioctl indicates success
    do unknown e0:
    unknown e0 cdb: e0003400bf07c7d1c70d9373
    return value of ioctl indicates success
get_dec_key succeeded!


disc_key = 6f6a2a0cf36e7ac8a899dbfca12f8f7b

disc_id = 00000000000000ff00020004XXXXXXXX
PIC:
10020000444901080000200042444f01
1101010000000000003705df00100000
003705de000000000000000000000000
00000000000000000000000000000000
00000000000000000000000000000000
00000000000000000000000000000000
00000000000000000000000000000000
00000000000000000000000000000000
00000000

SUCCESS: Everything was correctly dumped.
