
GetKey r2
Load keys
Test unit ready: return value of ioctl indicates success
Read pic: return value of ioctl indicates success
get dec key
  establish session keys:
    do send key: return value of ioctl indicates success
    do report key: return value of ioctl indicates success
    calculate session keys
    do send key: return value of ioctl indicates success
  get data
    do unknown e1:
    unknown e1 cdb: e10054007f9dcf0e842d3d1a
    return value of ioctl indicates success
    do unknown e0:
    unknown e0 cdb: e00034001a3e11b94c65ee0a
    return value of ioctl indicates success
get_dec_key succeeded!


disc_key = 9eb07586b9aa2662d7802803c4d473ed

disc_id = 00000000000000ff00020004XXXXXXXX
PIC:
10020000444901080000200042444f01
1101010000000000002ca65f00100000
002ca65e000000000000000000000000
00000000000000000000000000000000
00000000000000000000000000000000
00000000000000000000000000000000
00000000000000000000000000000000
00000000000000000000000000000000
00000000

SUCCESS: Everything was correctly dumped.
