
GetKey r2
Load keys
Test unit ready: return value of ioctl indicates success
Read pic: return value of ioctl indicates success
get dec key
  establish session keys:
    do send key: return value of ioctl indicates success
    do report key: return value of ioctl indicates success
    calculate session keys
    do send key: return value of ioctl indicates success
  get data
    do unknown e1:
    unknown e1 cdb: e1005400ee0ff9fdf77df3ae
    return value of ioctl indicates success
    do unknown e0:
    unknown e0 cdb: e0003400ba0ac5a6aedc014e
    return value of ioctl indicates success
get_dec_key succeeded!


disc_key = 9aa0f22a6bf4b468a25644d69ab4a57b

disc_id = 00000000000000ff00020004XXXXXXXX
PIC:
10020000444901080000200042444f01
11010100000000000064185f00100000
0064185e000000000000000000000000
00000000000000000000000000000000
00000000000000000000000000000000
00000000000000000000000000000000
00000000000000000000000000000000
00000000000000000000000000000000
00000000

SUCCESS: Everything was correctly dumped.
