
GetKey r2
Load keys
Test unit ready: return value of ioctl indicates success
Read pic: return value of ioctl indicates success
get dec key
  establish session keys:
    do send key: return value of ioctl indicates success
    do report key: return value of ioctl indicates success
    calculate session keys
    do send key: return value of ioctl indicates success
  get data
    do unknown e1:
    unknown e1 cdb: e100540024c4b78f311ab759
    return value of ioctl indicates success
    do unknown e0:
    unknown e0 cdb: e00034003bcb811972678118
    return value of ioctl indicates success
get_dec_key succeeded!


disc_key = 22245a44e7cd7209e82585a87e01b176

disc_id = 00000000000000ff00020004XXXXXXXX
PIC:
10020000444901080000200042444f01
1101010000000000005d65bf00100000
005d65be000000000000000000000000
00000000000000000000000000000000
00000000000000000000000000000000
00000000000000000000000000000000
00000000000000000000000000000000
00000000000000000000000000000000
00000000

SUCCESS: Everything was correctly dumped.
